3 9 6 0 1 3 1 6 3 3 10 1 

3 9 2 

0 1 4 
0 1 3 
3 9 2 
0 1 1 1 5 1 3 10 2 
0 1 2 
0 1 3 
3 9 4 
0 1 4 
3 10 5 

3 9 2 0 1 1 

0 1 2 
3 9 3 0 1 1 4 11 2 



0 1 2 

0 1 3 
0 1 5 
0 1 2 3 10 3 


0 1 1 

0 1 3 



0 1 1 
3 9 4 
0 1 2 4 11 1 
4 11 1 

3 9 1 3 10 2 

0 1 1 

3 9 3 4 11 1 2 7 1 

3 9 4 
1 6 1 
3 9 1 0 1 4 
3 10 1 
0 1 1 3 10 1 
3 9 2 
0 1 1 

3 9 1 3 10 2 
3 9 1 0 1 2 
3 9 2 
0 1 4 

0 1 1 
0 1 1 4 11 1 
3 10 1 

0 1 1 
1 6 3 




3 9 5 
0 1 3 
4 11 1 
1 6 4 


0 1 1 4 11 1 
3 9 6 0 1 4 1 6 1 


1 6 4 
3 9 4 


4 11 1 
3 9 3 2 7 1 
3 9 2 

0 1 1 




3 10 1 
3 9 2 0 1 2 1 5 1 1 6 1 
0 1 2 1 6 2 
3 9 2 0 1 1 
3 9 3 0 1 1 2 7 1 

3 9 1 

3 9 4 0 1 3 
0 1 1 1 6 1 
0 1 1 
3 9 1 0 1 5 

3 9 1 
1 6 1 
0 1 1 3 10 1 
3 9 1 0 1 4 
0 1 1 

3 9 1 
3 9 3 

3 9 4 
0 1 5 
3 10 3 
0 1 1 4 11 1 
3 9 2 
3 9 1 
0 1 1 

3 9 1 0 1 5 
0 1 3 
0 1 2 



0 1 1 
0 1 1 
3 9 1 3 10 1 
3 9 2 0 1 2 
0 1 1 
3 9 7 0 1 1 
3 9 1 



3 9 3 0 1 1 

0 1 1 
3 9 3 


3 9 3 0 1 1 4 11 1 

0 1 2 
0 1 2 
3 9 3 0 1 2 1 6 1 
0 1 1 



0 1 2 

0 1 5 
0 1 1 
0 1 1 

4 11 1 

0 1 2 4 11 1 

3 10 1 
0 1 2 
0 1 1 
0 1 2 
3 9 1 0 1 4 4 11 1 
3 9 3 2 7 1 
3 9 1 0 1 1 
0 1 1 1 6 1 
0 1 4 
3 9 1 


3 9 1 0 1 1 4 11 1 
0 1 1 1 6 1 
1 6 2 
3 9 6 1 6 2 
0 1 1 4 11 1 
3 10 1 
3 9 2 2 7 3 
3 9 4 0 1 1 
0 1 1 
4 11 1 
1 6 1 


0 1 5 
3 9 1 0 1 1 
0 1 5 
0 1 1 

3 9 3 4 11 1 2 7 1 

0 1 1 
3 10 2 
0 1 1 
3 9 3 
3 9 3 0 1 1 

0 1 2 4 11 1 
0 1 1 
3 9 2 0 1 1 4 11 1 
0 1 3 

0 1 2 
0 1 2 






3 9 1 



0 1 5 





0 1 1 

3 10 2 
0 1 1 4 11 1 
3 9 6 0 1 1 1 6 1 
0 1 3 



3 9 4 
0 1 1 
0 1 2 

3 9 7 0 1 1 1 4 1 
3 10 5 
0 1 1 
0 1 1 
0 1 1 
0 1 1 
0 1 1 
3 9 2 
3 10 3 
3 9 4 2 7 1 

0 1 2 

0 1 1 
0 1 1 
3 9 3 0 1 1 1 5 2 1 6 3 

0 1 1 
0 1 1 1 5 1 



3 9 2 4 11 1 
0 1 1 

3 9 1 

0 1 5 
3 9 3 0 1 4 1 6 3 
3 9 1 
3 10 1 

0 1 1 
0 1 1 
4 11 1 

3 10 1 
3 9 1 

0 1 4 


0 1 2 


4 11 1 





3 9 2 1 6 5 
3 9 2 0 1 8 1 6 3 
0 1 1 
4 11 1 
0 1 4 



3 10 1 
3 9 1 0 1 2 4 11 2 
0 1 1 


3 9 8 1 2 1 0 1 2 
0 1 4 

3 9 1 0 1 7 3 10 1 
0 1 3 
0 1 5 


0 1 1 
0 1 2 


3 10 1 
3 9 3 
3 9 2 0 1 1 
0 1 2 
0 1 5 
0 1 2 

0 1 2 
0 1 1 1 5 1 3 10 1 
3 9 5 1 6 2 2 7 2 
0 1 2 4 11 1 

3 9 4 0 1 4 
0 1 3 
0 1 3 
0 1 1 


0 1 2 
0 1 4 1 5 1 

3 9 2 0 1 2 
3 9 7 0 1 2 4 11 1 2 7 2 

0 1 3 
3 10 2 
1 6 3 
0 1 3 3 10 2 
0 1 3 1 6 4 
3 9 4 2 7 1 



3 10 3 

0 1 3 1 5 1 3 10 2 

0 1 1 4 11 3 
0 1 2 
0 1 1 
3 9 1 
3 10 1 
0 1 2 
4 11 1 

0 1 1 
1 6 1 

3 9 5 1 6 1 

0 1 4 
3 9 1 0 1 4 
3 9 3 2 7 1 

0 1 1 

3 9 2 


0 1 6 




0 1 1 3 10 1 
0 1 3 
0 1 4 

3 9 2 0 1 2 4 11 1 2 7 1 
0 1 2 
3 9 5 0 1 1 1 6 1 

0 1 3 
3 10 3 

3 9 2 0 1 2 

0 1 5 

3 9 1 0 1 1 
0 1 2 

0 1 1 

0 1 1 

3 9 4 0 1 2 

0 1 2 4 11 2 

0 1 1 

0 1 1 
3 9 1 

0 1 3 

3 9 5 1 6 1 2 7 2 

0 1 1 
0 1 1 
3 9 1 0 1 1 

3 9 1 
0 1 2 
3 9 1 0 1 1 
3 9 1 0 1 5 



0 1 1 
3 9 2 0 1 3 
0 1 1 4 11 1 
3 9 1 4 11 1 
3 9 2 0 1 4 

0 1 2 
4 11 1 
3 9 1 3 10 2 
0 1 3 




3 10 1 
0 1 2 
3 10 1 



3 9 4 4 11 1 2 7 1 

0 1 2 



1 6 3 


0 1 1 


0 1 1 4 11 1 
3 9 3 3 10 3 
0 1 1 
0 1 3 
0 1 1 

0 1 1 

0 1 3 1 6 2 


3 9 3 
0 1 3 

0 1 1 
0 1 2 

0 1 3 
3 10 1 

3 9 3 
0 1 1 


3 9 1 
4 11 1 
3 9 4 4 11 1 2 7 1 
3 9 2 0 1 1 
1 6 3 
3 9 2 0 1 1 

3 9 6 0 1 1 
0 1 2 
3 9 2 0 1 1 



0 1 4 1 6 1 

3 9 1 3 10 1 
0 1 1 
3 9 3 
3 9 8 1 2 2 


0 1 5 
3 9 1 



3 9 1 
0 1 1 
3 10 2 
3 9 2 
4 11 1 

0 1 1 

3 9 1 
4 11 1 

3 9 3 0 1 1 1 6 2 
3 9 1 0 1 3 4 11 1 
0 1 1 4 11 1 

0 1 2 1 6 2 




3 9 2 
0 1 2 
3 10 2 


3 9 2 
0 1 2 

3 9 1 0 1 3 
3 9 6 





3 10 2 
0 1 2 
0 1 1 
3 9 1 0 1 3 
0 1 1 

3 9 3 0 1 2 1 6 1 


3 9 4 1 6 2 
3 9 2 4 11 1 
0 1 4 
3 9 2 

3 10 3 
0 1 1 1 5 1 
3 9 1 
0 1 4 
3 10 1 

0 1 1 
1 6 2 
0 1 1 
0 1 1 

0 1 3 


4 11 1 
0 1 1 



3 9 3 0 1 1 
3 10 1 


0 1 1 


3 9 3 
0 1 1 3 10 1 
0 1 1 
3 9 1 


3 9 1 0 1 3 


0 1 1 4 11 1 
0 1 1 1 5 1 

4 11 1 
0 1 2 
3 9 2 0 1 1 


3 9 8 2 8 3 2 7 3 
1 6 3 


0 1 1 

1 6 2 
0 1 1 


3 9 1 
0 1 4 
0 1 5 

0 1 3 
0 1 2 
0 1 1 


0 1 1 

3 9 2 

3 10 1 

0 1 3 


0 1 1 
0 1 1 

3 9 2 0 1 4 1 6 1 


0 1 4 
0 1 1 4 11 2 
0 1 2 

3 10 3 
3 9 3 
0 1 1 
3 10 1 

3 9 1 0 1 4 


3 9 1 
3 9 2 
0 1 3 

3 9 2 
3 9 6 0 1 1 
3 10 1 

0 1 2 
0 1 1 
0 1 2 1 6 4 
0 1 1 4 11 1 


0 1 5 
3 9 1 0 1 5 




0 1 3 1 6 1 


3 9 1 0 1 1 
3 10 1 
4 11 1 


0 1 3 

1 6 7 




0 1 2 



3 9 1 
0 1 1 
0 1 2 4 11 3 
0 1 1 


3 9 2 
3 9 3 1 6 1 3 10 1 

3 9 1 0 1 4 
3 9 4 0 1 3 1 6 1 

4 11 1 
0 1 3 
3 9 1 
0 1 2 1 6 4 
3 9 3 

3 9 1 0 1 2 

4 11 1 
0 1 2 
0 1 4 

0 1 1 
0 1 1 
0 1 1 
3 9 6 3 10 2 
3 9 2 0 1 2 
3 10 1 


0 1 1 
3 9 1 0 1 5 
0 1 1 

3 9 3 
0 1 1 
0 1 2 1 6 3 
0 1 2 

0 1 1 4 11 1 
3 10 2 
0 1 1 
3 9 2 3 10 1 

0 1 3 
3 9 1 0 1 2 4 11 2 

0 1 2 4 11 1 

3 10 1 


0 1 2 

3 9 2 0 1 3 4 11 1 
0 1 1 1 6 5 
0 1 3 
3 9 1 


0 1 2 
3 9 5 
0 1 5 1 6 1 

0 1 1 
0 1 3 

0 1 2 
0 1 2 
0 1 5 
1 5 1 3 10 2 

0 1 1 

1 6 4 

0 1 1 

3 9 2 

0 1 2 4 11 1 

3 9 1 
1 6 1 
3 9 1 
3 9 1 
0 1 1 
0 1 2 
3 9 5 0 1 1 
4 11 1 
0 1 4 1 6 5 
0 1 1 
3 10 1 


3 9 4 0 1 2 4 11 1 2 7 1 
0 1 2 1 6 2 
3 9 4 1 6 1 

3 9 3 4 11 1 2 7 1 
3 10 1 
0 1 3 
3 10 1 


0 1 1 
3 9 7 0 1 1 
3 9 5 2 7 1 
3 10 3 

0 1 2 4 11 1 
0 1 2 
3 9 1 0 1 6 1 6 1 
3 9 3 0 1 1 4 11 2 
0 1 3 

0 1 1 
0 1 2 

0 1 4 
3 9 2 0 1 2 
3 9 1 0 1 1 
3 10 1 

0 1 1 

0 1 1 1 5 1 

0 1 1 
0 1 2 

3 10 2 
3 10 1 

0 1 2 
4 11 1 
3 9 2 0 1 1 4 11 1 
3 9 5 0 1 1 
3 10 1 



0 1 1 4 11 1 


0 1 1 





0 1 1 

3 10 1 

3 9 1 
3 9 1 0 1 4 1 6 1 
0 1 1 
0 1 5 

0 1 2 
3 9 1 0 1 3 
3 9 3 1 6 1 
0 1 1 1 6 1 
3 9 1 0 1 3 4 11 1 
3 9 1 
0 1 3 
3 9 1 
0 1 2 
3 10 1 



4 11 1 
3 9 2 0 1 1 

0 1 1 4 11 1 
0 1 3 
3 10 1 
3 10 1 

3 9 1 
3 9 1 0 1 2 




3 9 2 
0 1 3 
0 1 2 
3 10 1 
3 9 2 


0 1 1 


3 9 1 0 1 1 3 10 3 
0 1 2 3 10 3 
4 11 1 

0 1 2 
0 1 4 
3 10 1 



3 9 2 0 1 1 
3 10 2 



0 1 2 

0 1 1 


0 1 1 1 6 3 
0 1 2 

3 10 2 
3 9 5 1 6 1 
0 1 1 4 11 1 
0 1 2 

0 1 1 4 11 1 
3 9 3 

0 1 2 
3 9 1 
0 1 1 

0 1 2 
3 10 1 
0 1 1 
0 1 1 
0 1 1 3 10 2 
1 6 3 

0 1 4 

0 1 1 


4 11 1 
3 9 3 0 1 1 
0 1 2 
0 1 2 
0 1 3 
3 9 3 
3 10 2 
0 1 1 
3 9 1 1 6 9 
0 1 2 
0 1 2 
1 6 1 
3 10 1 
0 1 1 
3 9 1 0 1 2 
1 6 3 
0 1 2 
3 9 2 
0 1 2 
3 9 5 4 11 1 2 7 1 
0 1 1 
0 1 2 1 6 3 
0 1 1 

0 1 2 

1 6 2 
3 9 1 0 1 4 
3 9 3 0 1 3 



3 9 2 0 1 3 
3 9 1 
3 9 3 
0 1 1 
3 9 2 0 1 3 
3 9 6 
0 1 3 



0 1 2 1 5 2 
3 9 4 0 1 1 1 6 6 3 10 1 
3 9 2 3 10 1 
3 9 1 0 1 3 

0 1 1 
0 1 4 
1 6 1 

3 9 4 2 7 2 
1 6 3 
3 9 1 




0 1 1 

3 9 3 


1 6 1 
0 1 4 
3 9 1 


3 9 1 
0 1 2 
0 1 3 
3 10 1 
0 1 1 4 11 1 
