1 0 4 2 1 45 4 0 9 



0 0 6 1 0 1 1 1 1 1 2 2 3 0 1 

0 0 4 0 1 2 1 0 2 1 1 2 3 0 5 
1 0 5 4 0 12 
0 0 4 0 1 1 1 1 3 3 0 4 4 0 2 
0 0 4 0 1 2 1 0 1 1 1 1 1 2 3 3 0 1 

1 0 8 4 0 11 
0 0 3 0 1 1 1 1 3 1 2 1 3 0 2 
0 0 5 1 1 3 3 0 6 
0 0 5 0 1 1 1 1 4 3 0 3 

0 1 1 1 0 7 3 0 22 4 0 10 
1 0 9 4 0 8 

0 0 4 1 1 7 2 1 1 4 0 1 
0 0 3 0 1 1 1 0 1 1 1 1 1 2 1 3 0 4 3 1 1 4 0 1 
0 0 2 1 1 2 1 2 3 2 0 1 3 0 1 3 1 2 
1 0 8 1 3 1 4 0 12 
1 0 5 1 3 1 2 1 41 4 0 7 

1 0 4 2 1 29 4 0 10 
1 0 6 1 3 1 4 0 7 
0 0 7 1 0 1 1 1 3 3 0 4 
0 0 2 1 0 2 1 1 2 1 2 1 2 0 1 3 1 1 
0 0 4 0 1 2 1 0 2 1 1 3 3 0 2 4 0 1 


0 1 15 1 0 5 1 3 1 3 0 9 4 0 7 

0 0 6 0 1 2 1 0 3 3 0 2 4 0 1 
0 0 4 1 0 1 1 1 1 1 2 3 3 0 5 4 0 1 
0 0 4 0 1 1 1 1 2 1 2 1 3 0 6 
0 0 1 0 1 1 1 0 1 1 1 3 1 2 3 3 1 1 
0 0 5 1 1 4 3 0 6 4 0 1 


0 0 2 1 1 4 1 2 1 2 0 1 3 0 1 3 1 1 
0 0 3 0 1 1 1 1 2 1 2 2 3 0 1 4 0 2 

0 0 5 0 1 1 1 0 4 1 1 1 3 0 1 
0 0 5 1 0 5 4 0 4 
0 0 7 0 1 1 1 0 3 4 0 3 
1 0 8 4 0 11 
0 0 8 1 0 1 1 1 3 3 0 2 4 0 1 



0 0 4 1 1 3 1 2 1 3 0 3 4 0 2 
1 0 4 2 1 21 4 0 9 
1 0 4 2 1 2 3 0 30 4 0 6 

0 0 6 0 1 2 1 0 2 1 1 1 3 0 2 4 0 1 
0 0 2 1 0 1 1 1 1 1 2 1 1 4 1 2 0 1 3 1 1 4 0 1 
0 0 3 1 1 2 1 2 1 2 0 1 3 1 1 


0 0 4 0 1 1 1 0 2 1 1 1 1 2 1 4 0 1 
0 0 5 1 0 2 1 1 1 1 2 1 3 0 3 
0 0 6 0 1 2 1 0 2 1 1 2 3 0 1 
0 0 2 0 1 2 1 1 1 1 2 1 3 0 5 4 0 3 

0 0 5 0 1 2 1 0 3 1 1 2 
0 0 4 0 1 1 1 0 1 1 1 3 3 0 1 4 0 2 
0 1 10 1 0 4 2 1 2 3 0 6 4 0 8 

1 0 4 2 1 3 3 0 39 4 0 7 
1 0 4 1 3 1 4 0 10 
0 0 1 1 0 1 1 1 1 1 2 4 2 0 1 3 1 1 


0 0 3 0 1 3 1 0 1 1 1 4 
1 0 9 4 0 12 

0 0 5 1 0 2 1 1 3 3 0 2 4 0 2 


1 0 5 1 3 1 2 1 57 4 0 10 
1 0 8 4 0 11 
1 0 8 4 0 10 
0 0 4 0 1 3 1 1 4 3 0 1 


1 0 1 1 3 37 
0 0 8 1 0 1 1 1 3 
0 0 5 0 1 4 1 1 2 3 0 1 4 0 2 
1 0 5 2 1 35 4 0 11 
0 0 4 0 1 2 1 1 5 3 0 4 
0 0 3 0 1 2 1 0 2 1 1 2 1 2 1 3 0 1 


0 0 2 0 1 6 1 1 2 1 2 2 3 0 1 
0 0 4 0 1 2 1 0 1 1 1 2 3 0 2 4 0 1 
1 0 6 4 0 10 
0 0 8 1 0 4 2 1 1 

0 0 3 1 1 1 1 2 3 2 0 1 3 0 1 3 1 2 

1 0 7 2 1 2 3 0 29 4 0 7 
0 0 3 0 1 2 1 0 2 1 1 3 1 2 1 3 0 2 
1 3 32 

0 0 2 0 1 1 1 1 2 1 2 2 2 0 1 3 1 2 

0 0 5 1 1 1 3 0 2 3 1 3 

1 0 6 1 3 1 3 0 31 4 0 10 
0 0 3 0 1 4 1 0 1 1 1 1 1 2 2 4 0 1 


0 0 4 1 0 2 1 1 4 4 0 2 



1 0 7 2 1 50 4 0 10 

1 0 6 1 3 2 2 1 43 4 0 7 
0 0 3 0 1 1 1 0 3 1 1 2 1 2 1 3 0 4 
1 0 8 2 1 1 3 0 20 4 0 9 
0 0 5 0 1 3 1 0 2 1 1 1 3 0 4 
0 0 4 1 1 2 3 0 1 3 1 1 
0 0 7 0 1 1 1 0 2 1 1 2 3 0 1 

0 0 3 1 0 3 1 1 2 1 2 3 3 0 4 
0 0 5 1 0 1 1 1 6 3 0 3 

1 0 9 1 3 30 
1 0 5 4 0 11 

0 0 3 1 0 2 1 1 3 3 0 7 

1 0 6 2 1 25 4 0 7 
1 3 36 

1 0 7 1 3 1 4 0 6 
0 0 6 1 0 2 1 1 2 

0 0 8 0 1 1 1 0 4 2 1 1 4 0 1 
1 0 6 4 0 12 

1 0 6 1 3 1 3 0 22 4 0 11 
0 0 4 1 0 3 1 1 2 1 2 2 3 0 2 

0 0 6 0 1 1 1 0 4 4 0 4 
0 0 5 0 1 4 1 0 1 1 1 3 4 0 1 
0 0 6 1 0 2 1 1 2 3 0 2 4 0 1 
0 0 7 0 1 1 1 0 2 1 1 2 2 1 1 
0 0 3 1 0 3 1 1 1 1 2 2 4 0 1 
0 0 4 0 1 1 1 0 4 1 1 1 3 0 2 4 0 2 

1 0 7 2 1 29 4 0 9 
1 0 7 3 0 32 4 0 6 

0 0 6 1 0 4 1 1 2 4 0 1 

0 1 12 1 0 5 2 1 4 3 0 13 4 0 9 
0 0 5 0 1 2 1 0 3 1 1 1 3 0 3 4 0 1 

1 0 8 4 0 11 
0 0 2 1 1 1 1 2 1 2 0 1 3 0 4 3 1 2 4 0 1 
1 0 6 1 3 39 
1 0 6 1 3 1 4 0 10 
0 0 3 0 1 1 1 1 3 1 2 2 3 0 2 4 0 2 
0 0 6 0 1 2 1 0 1 1 1 2 3 0 3 
0 0 4 0 1 1 1 0 1 1 1 1 1 2 1 3 0 3 4 0 1 
1 0 7 4 0 6 
0 0 2 0 1 1 1 1 3 1 2 2 3 0 1 3 1 2 
1 0 7 4 0 11 
0 0 5 1 0 1 1 1 1 3 0 4 4 0 1 
0 0 3 0 1 4 1 0 1 1 1 4 1 2 1 

1 0 10 1 3 28 

1 0 6 1 3 2 4 0 10 

1 0 5 1 3 1 2 1 55 4 0 6 
0 0 2 1 1 3 1 2 1 3 0 6 3 1 1 


1 0 6 4 0 11 
0 0 5 0 1 1 1 0 1 1 1 1 1 2 3 3 0 2 4 0 1 
0 0 5 0 1 3 1 0 4 4 0 3 
1 0 7 1 3 18 
1 0 11 1 3 31 

0 0 3 1 0 2 1 1 1 1 2 1 3 0 1 3 1 2 

0 0 8 0 1 1 1 0 2 1 1 1 3 0 2 
0 1 8 1 0 6 1 3 1 2 1 1 3 0 6 4 0 7 

1 0 6 4 0 10 


0 0 3 0 1 1 1 1 3 1 2 3 3 0 2 
1 0 7 1 3 1 4 0 10 
1 0 12 1 3 41 
1 0 10 1 3 35 

0 0 7 1 1 5 3 0 2 
1 0 7 1 3 18 
0 0 5 0 1 1 1 0 1 1 1 4 3 0 2 4 0 1 
0 0 6 1 0 4 1 1 1 3 0 3 4 0 1 
1 3 33 

1 3 20 

0 0 3 1 1 4 1 2 1 3 0 1 3 1 1 

0 0 6 1 0 2 1 1 2 

1 0 5 2 1 27 4 0 9 
0 0 3 0 1 3 1 0 1 1 1 2 1 2 2 3 0 4 
0 0 1 1 1 4 1 2 2 2 0 2 3 0 1 3 1 1 4 0 1 

1 0 5 2 1 29 4 0 9 

1 0 5 2 1 1 3 0 37 4 0 7 


0 0 6 1 0 2 1 1 2 3 0 3 4 0 1 
0 0 5 0 1 1 1 0 3 3 0 2 4 0 2 

0 0 7 0 1 1 1 0 3 4 0 2 

1 0 7 3 0 49 4 0 6 
0 0 3 1 1 3 1 2 2 1 4 1 2 0 1 3 1 1 
0 0 3 1 0 2 1 1 2 1 2 2 3 0 1 
0 0 5 1 0 1 1 1 2 3 0 2 4 0 4 
0 0 2 0 1 3 1 1 4 1 2 2 3 0 3 4 0 1 
1 0 9 4 0 12 
0 0 7 0 1 1 1 0 6 4 0 1 
0 0 6 1 0 1 1 1 1 3 0 3 
0 0 4 0 1 1 1 0 2 1 1 3 3 0 1 4 0 2 


0 0 7 0 1 1 1 0 2 1 1 2 
0 0 4 0 1 1 1 0 6 3 0 1 4 0 3 

1 0 6 1 3 1 3 0 23 4 0 10 

1 0 7 1 3 41 
1 0 8 1 3 29 
0 0 6 1 0 4 3 0 2 4 0 1 
0 0 5 1 2 1 1 4 1 2 0 1 3 1 2 
0 0 3 0 1 3 1 0 1 1 1 5 3 0 3 
0 0 6 1 0 2 1 1 1 1 2 1 3 0 2 



0 1 5 1 0 4 1 3 1 3 0 14 4 0 5 
0 0 5 0 1 3 1 0 2 1 1 3 
0 0 4 0 1 1 1 0 4 1 1 1 3 0 2 4 0 2 

0 0 3 0 1 2 1 0 1 1 1 4 3 0 6 
1 0 8 1 3 29 
0 0 5 0 1 1 1 0 1 1 1 2 3 0 1 4 0 2 

0 0 7 0 1 1 1 0 1 1 1 2 3 0 2 

0 0 5 1 0 3 1 1 3 3 0 1 4 0 1 
1 0 5 2 1 21 4 0 7 


0 0 3 1 0 2 1 1 2 1 2 1 3 0 3 4 0 1 
0 0 8 1 0 3 1 1 2 3 0 2 
0 0 5 0 1 2 1 0 2 1 1 2 3 0 1 

0 0 2 0 1 3 1 1 2 1 2 1 3 0 3 4 0 2 

0 0 2 1 0 2 1 1 2 1 2 2 3 0 6 
0 0 2 0 1 1 1 1 3 1 2 2 4 0 3 

0 0 9 0 1 1 1 0 4 4 0 1 
0 0 4 0 1 4 1 0 4 4 0 1 
0 0 3 0 1 1 1 1 3 1 2 1 4 0 3 
0 0 3 0 1 4 1 0 1 1 1 3 1 2 1 
0 0 2 1 1 3 1 2 3 3 0 1 3 1 1 

1 0 5 1 3 1 4 0 8 
0 0 6 0 1 1 1 0 3 3 0 1 4 0 3 
0 0 2 1 1 2 1 2 2 2 0 1 3 0 3 3 1 1 


0 0 3 0 1 2 1 0 3 1 1 1 1 2 2 3 0 3 4 0 1 
0 0 3 0 1 1 1 1 1 1 2 1 3 0 3 3 1 2 
0 1 10 1 0 5 2 1 2 3 0 8 4 0 7 
0 0 4 1 1 3 1 2 1 3 0 2 

1 0 5 1 3 1 4 0 11 


0 0 4 0 1 1 1 0 2 1 1 2 1 2 1 3 0 1 4 0 1 
0 0 6 1 0 6 4 0 3 



0 0 7 0 1 1 1 0 2 4 0 2 
1 0 8 4 0 8 
1 0 6 1 3 1 2 1 29 4 0 8 
0 0 5 0 1 2 1 0 2 1 1 1 1 2 1 


1 0 7 4 0 11 



0 0 4 1 1 1 1 2 2 2 0 1 3 0 2 3 1 1 
0 0 5 0 1 1 1 0 3 1 1 2 3 0 1 4 0 2 
0 0 1 1 0 1 1 1 1 1 2 4 1 4 1 2 0 1 3 1 1 
0 0 4 1 0 2 1 1 2 1 2 2 3 0 2 


1 0 6 1 3 1 2 1 57 4 0 10 
1 0 5 4 0 11 
1 0 7 2 1 39 4 0 7 


0 0 2 1 1 3 1 2 1 3 0 6 

0 0 5 0 1 1 1 1 3 4 0 1 
1 0 5 2 1 55 4 0 8 
0 0 4 0 1 1 1 0 2 1 1 1 3 0 2 4 0 2 
0 1 14 1 0 7 3 0 14 4 0 4 
0 0 3 1 1 2 1 2 2 2 0 1 3 0 2 3 1 1 
1 0 6 3 0 31 4 0 7 
0 0 5 0 1 2 1 0 2 1 1 1 1 2 1 3 0 2 

1 0 6 2 1 3 3 0 35 4 0 7 


0 0 4 1 1 1 1 2 2 1 4 1 3 1 2 
1 0 5 1 3 31 
0 0 4 1 1 2 1 2 1 3 1 2 



1 0 6 1 3 1 4 0 9 
0 0 8 1 0 2 1 1 1 3 0 2 4 0 1 

1 0 4 2 1 2 3 0 31 4 0 8 
0 0 6 0 1 2 1 0 3 1 1 1 3 0 2 4 0 1 

1 0 5 1 3 1 4 0 11 
0 0 8 0 1 1 1 1 4 2 1 1 4 0 1 
1 0 6 1 3 1 2 1 47 4 0 7 

0 0 3 1 1 2 1 2 3 2 0 1 
0 0 4 1 1 1 1 2 1 1 4 1 2 0 2 
0 0 5 0 1 1 1 0 2 1 1 2 3 0 3 
1 0 6 4 0 8 
0 0 4 0 1 1 1 0 2 1 1 3 4 0 1 
1 0 5 2 1 4 3 0 17 4 0 11 

0 0 6 0 1 1 1 0 2 1 1 2 3 0 1 

0 0 10 0 1 1 1 0 2 
0 0 4 0 1 8 1 1 2 3 0 1 

1 0 5 1 3 1 4 0 12 


0 0 5 0 1 1 1 0 2 1 1 3 1 2 1 

1 0 6 4 0 8 
0 0 7 0 1 1 1 0 1 1 1 2 3 0 1 
0 0 2 1 0 3 1 2 1 2 0 1 3 0 2 3 1 2 
0 1 8 1 0 5 2 1 1 3 0 8 4 0 10 
1 0 6 1 3 1 2 1 48 4 0 9 
0 0 3 0 1 2 1 0 1 1 1 3 1 2 1 3 0 1 

0 0 2 0 1 1 1 0 1 1 1 2 1 2 2 3 0 6 
1 0 7 1 3 31 
1 0 9 4 0 9 

1 0 8 1 3 29 

1 0 10 1 3 18 




1 0 9 4 0 10 
0 0 1 1 0 5 1 3 1 2 1 2 3 0 2 4 0 9 

1 0 8 4 0 12 
1 0 5 3 0 52 4 0 8 
0 0 4 0 1 1 1 0 3 1 1 2 3 0 2 4 0 2 

0 0 2 0 1 3 1 1 2 1 2 2 3 0 3 4 0 2 
0 0 4 1 2 1 2 0 1 3 1 2 4 0 1 


1 3 27 





0 0 1 1 1 2 1 2 2 2 0 1 3 0 4 3 1 1 4 0 1 
0 0 7 1 0 2 1 1 1 3 0 4 4 0 1 
0 0 4 1 0 2 1 1 3 1 2 1 3 0 1 4 0 2 
0 0 6 0 1 2 1 0 4 3 0 1 4 0 1 
0 0 2 1 0 1 1 1 3 1 2 1 3 0 6 
1 0 6 1 3 1 4 0 10 
0 0 4 1 1 1 1 2 1 2 0 2 3 0 1 3 1 1 

1 0 6 4 0 11 
0 1 10 1 0 4 2 1 2 3 0 10 4 0 6 
0 0 5 0 1 1 1 1 3 4 0 1 
0 0 7 0 1 1 1 0 5 2 1 1 4 0 2 
1 0 4 2 1 52 4 0 8 
0 0 3 0 1 1 1 0 2 1 1 2 1 2 2 3 0 1 
1 0 10 1 3 36 
0 0 9 1 0 3 
0 0 7 0 1 1 1 0 3 1 1 2 3 0 1 
0 0 3 0 1 2 1 0 1 1 1 3 1 2 1 4 0 1 

0 0 5 1 0 2 1 1 4 3 0 2 
1 0 8 1 3 36 
0 0 3 0 1 1 1 1 3 1 2 2 3 0 1 

0 0 1 1 0 2 1 1 3 3 0 1 3 1 2 4 0 2 
0 0 4 0 1 3 1 1 3 3 0 3 4 0 1 
0 0 7 0 1 2 1 0 5 4 0 2 
0 0 6 0 1 1 1 0 3 1 1 2 

0 0 6 1 1 6 4 0 1 
1 0 6 1 3 1 2 1 24 4 0 5 
0 0 5 0 1 2 1 0 3 1 1 2 

1 0 8 1 3 1 4 0 8 

0 0 7 1 0 4 3 0 3 
1 0 7 1 3 2 4 0 9 
1 0 5 4 0 11 
1 0 8 1 3 23 


1 0 9 4 0 12 
0 0 4 1 0 2 1 1 2 1 2 2 3 0 1 
0 0 2 0 1 4 1 1 3 1 2 2 
1 0 4 4 0 13 

0 0 4 1 0 1 1 1 1 1 2 2 3 0 2 

0 0 6 1 0 2 1 1 2 4 0 1 


0 0 3 1 0 1 1 1 4 1 2 1 3 0 2 4 0 1 

0 0 5 1 0 2 1 1 1 1 2 1 3 0 1 4 0 2 
0 0 4 0 1 2 1 0 1 1 1 3 3 0 5 

0 0 3 1 0 3 1 1 2 1 2 3 4 0 1 
1 0 7 1 3 24 

0 0 6 1 0 1 1 1 4 

0 0 5 0 1 3 1 0 1 1 1 2 3 0 2 
0 0 7 1 0 2 1 1 2 3 0 2 



0 1 14 1 0 5 2 1 2 3 0 8 4 0 6 
0 0 6 0 1 1 1 0 1 1 1 2 3 0 1 


1 0 6 4 0 12 



1 0 8 1 3 40 

0 0 4 1 1 1 1 2 2 2 0 2 

0 0 6 0 1 1 1 0 1 1 1 2 1 2 1 



1 0 12 1 3 41 

0 0 4 1 0 3 1 1 2 3 0 1 4 0 3 
0 0 3 1 1 1 1 2 4 3 1 3 
0 0 4 0 1 1 1 0 1 1 1 4 3 0 3 
0 0 5 1 0 5 4 0 3 
1 0 8 1 3 36 
1 0 3 2 1 8 3 0 51 4 0 6 
0 0 8 1 0 2 1 1 2 3 0 2 4 0 1 
1 0 6 4 0 9 

1 0 6 2 1 43 4 0 10 
1 0 5 4 0 12 
0 0 5 1 2 1 2 0 3 4 0 1 
0 0 4 1 1 2 2 0 2 3 1 1 4 0 1 

0 0 4 0 1 2 1 0 3 1 1 2 1 2 1 4 0 1 
0 0 3 1 0 2 1 1 4 1 2 1 3 0 1 4 0 1 
0 0 6 1 0 1 1 1 1 1 2 1 3 0 2 
0 0 3 0 1 2 1 0 2 1 1 2 4 0 3 
0 0 2 1 1 4 2 0 1 3 1 1 4 0 1 
0 0 3 0 1 1 1 0 1 1 1 4 3 0 5 4 0 1 
1 0 5 2 1 44 4 0 10 
0 0 3 1 0 2 1 1 3 3 0 4 4 0 2 

0 0 2 1 1 3 1 2 1 2 0 1 3 0 2 3 1 1 4 0 1 
0 0 3 1 1 4 1 2 1 4 0 1 
0 0 6 1 0 1 1 1 2 3 0 1 4 0 2 
0 0 1 1 1 3 2 0 2 3 0 1 3 1 1 4 0 1 




0 0 8 1 0 1 1 1 3 3 0 3 
0 0 7 0 1 2 1 0 1 1 1 2 3 0 2 




1 0 4 1 3 1 2 1 26 4 0 9 
0 0 6 1 1 3 3 0 3 

1 0 6 1 3 2 4 0 7 
0 0 5 1 1 3 3 0 5 
0 0 2 1 1 2 1 2 2 2 0 2 3 1 1 
1 0 6 4 0 8 
0 0 7 1 0 2 1 1 4 
0 0 3 0 1 5 1 0 1 1 1 3 3 0 2 
1 0 9 1 3 22 
0 0 3 1 1 3 1 2 1 2 0 1 3 0 4 3 1 1 4 0 1 
0 0 2 1 0 1 1 1 1 1 2 2 1 4 1 2 0 1 3 1 3 
0 0 3 1 0 1 1 1 2 1 2 1 3 0 1 3 1 1 
0 0 4 0 1 2 1 0 2 1 1 2 1 2 1 3 0 1 
0 0 5 0 1 4 1 0 1 1 1 3 
1 0 6 4 0 7 
1 0 5 2 1 3 3 0 52 4 0 6 


0 1 3 1 0 6 3 0 14 4 0 11 
1 0 6 2 1 22 4 0 5 
1 0 4 2 1 39 4 0 10 


0 0 5 0 1 2 1 0 2 1 1 2 3 0 2 

1 0 11 1 3 26 
0 0 2 1 0 1 1 1 2 1 2 3 3 0 3 3 1 1 

0 0 4 0 1 3 1 1 4 3 0 1 



1 0 5 2 1 31 4 0 10 

0 0 2 1 0 1 1 1 1 1 2 3 2 0 1 3 1 1 
0 0 2 1 1 3 2 0 2 3 1 1 4 0 1 
0 0 4 0 1 1 1 0 1 1 1 2 3 0 3 4 0 2 
1 0 8 4 0 8 
1 0 5 2 1 55 4 0 10 


0 0 2 1 1 2 1 2 4 2 0 1 3 0 1 3 1 2 


1 0 6 2 1 50 4 0 11 

0 0 6 0 1 1 1 0 1 1 1 2 3 0 2 
0 0 2 0 1 5 1 0 1 1 1 2 1 2 2 3 0 3 4 0 1 
1 0 9 1 3 31 
0 0 3 1 1 2 1 2 2 2 0 2 3 1 1 
1 0 5 1 3 1 4 0 7 

0 0 4 0 1 1 1 0 1 1 1 2 1 2 1 3 0 5 

0 0 3 1 0 1 1 1 3 1 2 2 3 0 2 



0 0 6 0 1 2 1 0 3 1 1 1 3 0 1 

0 0 4 0 1 3 1 0 2 1 1 2 1 2 1 
1 0 6 1 3 1 4 0 8 


0 0 6 1 0 6 4 0 1 


0 0 2 1 1 2 1 2 2 2 0 1 3 1 2 
0 0 7 1 0 6 4 0 2 
0 0 5 0 1 1 1 0 3 1 1 2 3 0 3 

0 0 6 1 0 5 4 0 3 
0 0 4 0 1 2 1 0 2 1 1 1 1 2 1 3 0 2 4 0 1 


0 0 4 0 1 1 1 0 3 1 1 1 1 2 1 3 0 2 

0 0 2 1 1 2 1 2 1 1 4 1 2 0 1 3 1 2 4 0 1 
0 0 2 1 1 3 1 2 1 1 4 1 2 0 1 3 1 1 
0 0 4 1 0 2 1 1 1 1 2 2 3 0 3 4 0 1 
1 0 4 2 1 40 3 0 16 4 0 10 

0 0 5 1 0 3 1 1 2 3 0 2 4 0 1 


0 0 6 1 0 1 1 1 5 2 1 1 4 0 2 
0 0 2 1 1 2 1 2 3 2 0 1 3 1 2 
0 0 3 1 1 1 1 2 1 2 0 1 3 0 2 4 0 2 


0 0 3 1 1 1 1 2 4 2 0 2 3 1 1 4 0 1 
0 0 4 0 1 1 1 0 2 1 1 3 

0 1 8 1 0 6 1 3 1 3 0 15 4 0 11 
0 0 3 0 1 2 1 1 2 1 2 1 3 0 5 
0 0 4 0 1 4 1 0 1 1 1 3 3 0 3 
0 0 4 1 1 2 1 2 1 2 0 2 3 0 1 3 1 1 4 0 1 

0 0 3 1 0 3 1 1 3 3 0 2 4 0 1 

0 1 12 1 0 6 1 3 1 3 0 7 4 0 11 
0 0 4 1 1 5 3 0 2 4 0 1 
0 0 5 0 1 1 1 0 3 1 1 2 3 0 2 
0 0 3 0 1 2 1 1 2 1 2 2 3 0 1 
1 0 9 4 0 8 
1 0 5 4 0 13 
0 0 5 0 1 1 1 0 2 1 1 3 3 0 2 4 0 1 

0 0 3 0 1 1 1 0 1 1 1 2 1 2 3 3 0 2 
0 0 5 1 0 1 1 1 1 1 2 1 1 4 1 3 1 1 

0 0 2 0 1 1 1 0 2 1 1 3 1 2 1 4 0 5 
0 0 2 1 1 1 1 2 1 1 4 1 2 0 2 3 0 1 3 1 2 

0 0 2 1 1 3 1 2 2 3 0 5 4 0 1 
0 0 3 1 1 1 1 2 1 1 4 1 2 0 1 3 1 3 

0 0 6 0 1 4 1 0 1 1 1 2 3 0 1 
0 0 6 0 1 2 1 0 4 3 0 3 4 0 1 
1 0 5 2 1 2 3 0 42 4 0 10 


0 0 2 1 0 2 1 1 3 1 2 3 3 0 2 
0 0 6 0 1 1 1 0 2 1 1 2 3 0 1 
1 0 6 1 3 23 

0 0 5 0 1 1 1 0 1 1 1 2 3 0 5 4 0 1 
1 0 7 4 0 9 
0 0 6 1 0 4 1 1 1 3 0 3 
0 0 2 1 0 1 1 1 2 1 2 3 1 4 1 2 0 1 3 1 1 

0 0 3 1 1 2 1 2 4 2 0 1 3 1 1 



0 0 4 0 1 2 1 0 2 1 1 2 3 0 1 
0 0 8 0 1 1 1 0 1 1 1 2 

0 0 4 0 1 4 1 0 1 1 1 3 

0 0 6 0 1 1 1 0 3 1 1 1 4 0 1 
0 0 4 0 1 1 1 0 1 1 1 1 1 2 2 3 0 1 



0 0 8 0 1 2 1 0 1 1 1 2 3 0 1 
0 0 4 1 0 2 1 1 3 3 0 1 4 0 2 
0 0 3 0 1 3 1 0 2 1 1 2 1 2 2 
0 0 3 1 0 2 1 1 3 1 2 1 3 0 4 
0 0 6 1 0 1 1 1 4 2 1 1 
1 0 5 4 0 8 

0 0 4 0 1 1 1 0 3 1 1 3 1 2 1 
0 0 3 0 1 3 1 1 4 3 0 3 4 0 1 

0 0 7 0 1 1 1 0 4 3 0 2 

1 0 4 4 0 13 
1 0 8 1 3 1 4 0 10 
0 0 3 0 1 2 1 0 1 1 1 2 1 2 1 3 0 4 4 0 1 
0 0 6 0 1 2 1 0 1 1 1 2 3 0 2 



0 0 8 0 1 1 1 0 2 1 1 1 3 0 1 4 0 1 
1 0 8 4 0 11 
0 0 3 0 1 2 1 1 3 1 2 2 4 0 2 
0 0 6 0 1 1 1 0 6 
0 0 3 0 1 1 1 0 2 1 1 3 1 2 2 3 0 3 
0 0 3 0 1 2 1 0 1 1 1 3 4 0 3 


0 0 4 0 1 1 1 0 4 1 1 1 1 2 1 
1 0 4 2 1 16 4 0 7 
0 0 1 1 1 2 1 2 1 3 0 5 3 1 2 

1 0 5 4 0 11 
1 0 11 1 3 40 

1 0 5 4 0 8 

0 0 6 1 0 4 4 0 2 
0 1 13 1 0 4 2 1 1 3 0 6 4 0 6 
0 0 5 0 1 3 1 1 1 1 2 1 3 0 3 4 0 1 
1 0 6 1 3 1 2 1 47 4 0 5 
1 0 7 1 3 1 4 0 11 
0 0 3 0 1 1 1 0 2 1 1 3 1 2 1 3 0 4 

0 0 7 1 0 6 4 0 2 
0 0 6 0 1 1 1 0 2 1 1 2 1 2 1 

0 0 6 1 0 1 1 1 2 3 0 2 4 0 1 
1 3 21 

1 0 8 2 1 52 4 0 9 




0 0 6 1 0 1 1 1 4 1 2 1 3 0 4 
1 0 11 1 3 37 
0 0 3 1 0 2 1 1 2 1 2 3 3 0 4 
0 0 4 0 1 2 1 0 1 1 1 3 3 0 1 

0 0 4 0 1 1 1 0 2 1 1 2 1 2 1 3 0 2 
1 0 8 4 0 9 
1 0 3 2 1 1 3 0 28 4 0 9 
0 1 15 1 0 4 3 0 7 4 0 10 
0 0 4 0 1 2 1 0 1 1 1 4 3 0 3 
1 0 6 2 1 5 3 0 43 4 0 5 

1 0 5 2 1 58 4 0 8 


0 0 5 1 0 2 1 1 1 1 2 1 4 0 2 
1 0 9 1 3 19 

0 0 4 0 1 1 1 0 1 1 1 3 3 0 1 4 0 4 
0 0 4 0 1 1 1 0 1 1 1 3 3 0 1 4 0 1 

0 0 2 1 1 2 1 2 1 2 0 1 3 1 1 4 0 2 



0 0 4 0 1 1 1 0 3 1 1 1 1 2 1 3 0 1 

0 1 9 1 0 7 2 1 2 3 0 6 4 0 4 

0 0 3 1 1 1 1 2 1 2 0 1 3 0 1 3 1 2 
1 0 5 1 3 1 4 0 9 

1 0 8 1 3 33 

0 0 4 1 0 1 1 1 2 1 2 2 4 0 1 
0 0 1 1 0 1 1 1 3 1 2 1 2 0 1 3 0 1 3 1 2 4 0 1 

1 0 6 3 0 51 4 0 7 
1 0 7 2 1 52 4 0 7 
0 0 3 0 1 3 1 0 1 1 1 3 1 2 1 

0 0 3 0 1 3 1 0 2 1 1 1 1 2 3 3 0 3 

1 0 7 4 0 7 
0 0 7 0 1 2 1 0 2 1 1 1 3 0 3 
0 0 7 1 0 3 1 1 1 3 0 1 4 0 2 
0 0 6 0 1 1 1 0 2 1 1 3 3 0 1 
0 0 2 1 1 3 2 0 1 3 0 1 3 1 2 4 0 1 

0 0 4 0 1 2 1 0 1 1 1 4 3 0 3 4 0 1 
0 0 2 1 1 2 1 2 2 2 0 2 3 0 1 3 1 1 4 0 2 

0 0 4 0 1 1 1 0 2 1 1 2 3 0 5 

0 0 6 1 0 5 4 0 4 
0 0 4 1 0 3 1 1 1 1 2 1 3 0 1 

0 0 3 0 1 3 1 0 1 1 1 3 1 2 1 
0 0 3 1 0 1 1 1 1 1 2 1 2 0 1 3 0 3 3 1 2 
1 0 7 2 1 3 3 0 31 4 0 9 
0 0 3 1 1 3 1 2 3 2 0 1 3 1 1 

1 0 10 1 3 41 
1 0 5 2 1 31 3 0 7 4 0 7 

0 0 6 0 1 3 1 0 3 1 1 1 
0 0 4 0 1 2 1 0 2 1 1 2 3 0 3 4 0 1 

0 0 4 0 1 4 1 0 1 1 1 2 1 2 1 
0 0 4 1 1 3 1 2 2 2 0 1 3 0 3 
0 0 3 1 1 1 1 2 1 2 0 2 3 0 2 3 1 1 4 0 1 


0 0 3 1 1 3 1 2 1 3 0 2 3 1 1 
0 0 3 0 1 1 1 1 3 3 0 4 

1 0 6 4 0 11 

0 1 9 1 0 5 2 1 4 3 0 9 4 0 6 
0 0 5 1 1 2 3 0 4 3 1 2 
0 0 5 0 1 1 1 0 2 1 1 1 3 0 4 
0 0 3 1 0 1 1 1 2 1 2 1 2 0 1 3 1 2 


0 0 6 0 1 2 1 0 3 4 0 3 
0 0 6 1 0 3 3 0 3 4 0 1 
0 0 2 0 1 1 1 1 3 1 2 1 3 0 6 


0 0 6 0 1 2 1 0 1 1 1 3 3 0 2 4 0 1 



0 0 6 1 0 2 1 1 1 3 0 4 


0 0 5 0 1 3 1 1 2 1 2 2 3 0 2 
0 1 18 1 0 5 2 1 3 3 0 4 4 0 11 
1 3 37 
0 0 4 0 1 3 1 1 2 1 2 2 4 0 1 






0 0 3 1 1 1 1 2 3 2 0 1 3 0 3 3 1 2 4 0 1 
1 0 10 1 3 17 
0 0 6 0 1 4 1 0 1 1 1 1 3 0 2 
1 0 7 1 3 1 4 0 9 
0 0 6 1 0 3 1 1 2 1 2 1 
0 0 2 1 1 1 1 2 3 2 0 1 3 1 2 4 0 1 
0 0 6 0 1 1 1 0 3 1 1 2 3 0 1 4 0 1 

0 0 5 1 0 2 1 1 3 3 0 3 

1 0 6 1 3 1 4 0 12 
1 0 8 1 3 28 
0 0 3 0 1 1 1 0 2 1 1 3 3 0 5 
0 0 2 1 1 2 1 2 1 2 0 2 3 0 1 3 1 1 

0 0 3 1 1 1 1 2 1 2 0 1 3 0 1 3 1 2 
0 0 4 0 1 1 1 0 1 1 1 2 3 0 5 

1 0 5 2 1 55 4 0 11 
1 0 8 1 3 33 


0 0 5 1 0 2 1 1 3 3 0 4 
0 0 2 1 1 2 1 2 1 2 0 1 3 0 4 3 1 1 

0 0 4 0 1 4 1 1 3 3 0 3 4 0 1 
0 0 3 0 1 2 1 0 3 1 1 1 1 2 1 4 0 2 
1 0 8 4 0 11 

0 0 3 0 1 1 1 0 2 1 1 1 1 2 3 3 0 4 
1 0 10 1 3 20 


0 1 9 1 0 7 3 0 8 4 0 4 
0 0 7 0 1 3 1 0 2 3 0 2 

0 1 9 1 0 3 3 0 12 4 0 6 
0 0 7 0 1 7 1 0 1 1 1 1 
0 0 3 0 1 2 1 0 1 1 1 2 1 2 1 3 0 3 
0 0 2 1 0 1 1 1 1 1 2 2 3 0 1 3 1 2 4 0 2 
1 3 29 
0 0 4 0 1 2 1 0 1 1 2 1 4 0 4 
0 0 6 1 0 3 1 1 3 3 0 1 4 0 1 
0 0 4 1 0 2 1 1 3 3 0 1 
1 0 9 1 3 33 



0 0 4 0 1 1 1 0 1 1 1 1 1 2 3 3 0 2 

1 0 7 4 0 13 
1 0 8 1 3 1 4 0 10 
0 0 2 1 1 1 1 2 3 2 0 1 3 1 2 4 0 1 
0 0 9 1 0 4 3 0 2 



0 0 4 0 1 5 1 1 2 3 0 2 4 0 2 
0 0 4 0 1 1 1 1 3 1 2 1 
1 0 5 3 0 36 4 0 7 
1 0 8 1 3 1 4 0 10 
0 0 6 1 0 1 1 1 3 1 2 1 3 0 1 
0 0 6 1 0 1 1 1 2 3 0 4 

0 0 4 1 1 3 1 2 1 3 1 1 4 0 2 
0 0 4 1 1 2 1 2 1 3 1 1 
1 0 7 1 3 1 4 0 8 
0 0 4 1 0 1 1 1 2 3 0 2 4 0 1 
0 0 7 0 1 1 1 0 4 2 1 1 3 0 1 
1 0 7 2 1 29 4 0 7 
0 0 6 0 1 2 1 0 2 1 1 3 
0 0 7 1 1 6 
0 1 13 1 0 6 2 1 2 3 0 7 4 0 6 
1 0 6 1 3 1 4 0 9 
0 0 8 1 0 4 2 1 1 4 0 2 
0 0 7 0 1 1 1 0 3 4 0 2 




0 0 5 1 0 3 1 1 3 3 0 5 
0 0 7 1 0 2 1 1 2 


1 0 5 1 3 1 4 0 10 


1 0 5 4 0 10 
1 0 7 1 3 1 4 0 10 
0 0 3 1 1 1 1 2 2 2 0 2 3 1 1 


0 1 10 1 0 5 2 1 5 3 0 10 4 0 8 


0 0 3 1 1 1 1 2 1 2 0 1 3 1 1 4 0 1 


1 0 8 4 0 10 

0 0 5 1 0 5 4 0 3 

1 0 5 4 0 11 
0 0 8 0 1 2 1 0 3 3 0 1 4 0 1 

1 0 7 1 3 1 4 0 10 

0 0 4 0 1 2 1 1 3 1 2 1 3 0 2 
0 0 2 1 1 2 1 2 1 3 0 1 3 1 2 4 0 2 
0 0 5 0 1 1 1 0 1 1 1 2 3 0 4 
0 0 4 0 1 3 1 0 1 1 1 2 1 2 2 3 0 1 

0 0 3 0 1 2 1 0 1 1 1 3 1 2 1 3 0 2 
0 0 4 1 1 2 1 2 2 2 0 1 
0 1 13 1 0 5 3 0 9 4 0 6 
0 0 7 1 0 5 4 0 2 



0 0 7 0 1 1 1 0 3 4 0 1 
0 0 1 0 1 1 1 1 1 1 2 1 1 4 1 3 1 3 4 0 2 

0 1 4 1 0 5 2 1 3 3 0 10 4 0 6 
0 0 6 1 0 2 1 1 3 3 0 2 4 0 1 
0 0 6 0 1 1 1 0 3 1 1 2 3 0 1 
1 0 6 1 3 1 4 0 7 

0 0 8 0 1 1 1 0 4 4 0 1 


1 0 5 2 1 48 4 0 11 
0 0 3 0 1 1 1 1 2 1 2 1 3 0 4 
0 0 6 0 1 3 1 0 2 1 1 1 
0 0 4 1 0 3 1 1 1 1 2 1 3 0 2 4 0 1 
1 0 8 2 1 20 4 0 7 
0 0 3 1 1 2 1 2 1 3 0 1 3 1 2 



1 3 37 

1 0 8 1 3 1 4 0 10 

0 0 5 1 0 1 1 1 1 1 2 1 3 1 2 
0 0 2 1 1 3 1 2 1 3 0 6 3 1 2 
1 3 5 




1 0 6 3 0 31 4 0 9 
0 0 4 1 0 2 1 1 2 3 0 1 4 0 4 
0 0 6 1 0 3 4 0 3 


1 0 6 2 1 33 4 0 11 
0 0 2 1 1 2 1 2 1 2 0 1 3 0 3 3 1 2 
0 0 4 1 0 1 1 1 2 1 2 1 3 0 6 4 0 1 
1 0 7 2 1 2 3 0 50 4 0 10 




0 0 5 1 0 2 1 1 1 1 2 2 3 0 2 
0 0 5 0 1 1 1 0 2 1 1 1 3 0 2 
0 0 8 0 1 1 1 0 2 1 1 1 
0 0 3 0 1 1 1 1 4 3 0 1 4 0 2 

0 0 5 0 1 1 1 0 3 1 1 1 4 0 1 

0 0 6 1 0 5 4 0 3 
0 0 4 1 0 1 1 1 3 3 0 4 
