0 0 4 1 0 4 1 3 3 2 1 3 3 0 4 4 0 3 



0 0 2 0 1 1 1 0 2 1 1 2 1 2 2 1 3 2 2 1 1 3 0 2 3 1 1 4 0 1 
1 0 7 
0 0 3 0 1 2 1 0 2 1 1 2 1 3 2 2 1 2 3 0 3 4 0 3 
0 0 3 1 0 3 1 3 3 2 1 3 3 0 3 4 0 3 
0 0 3 0 1 2 1 0 2 1 1 2 1 3 2 2 1 2 3 0 3 4 0 2 
0 0 3 0 1 2 1 0 2 1 1 2 1 3 2 2 1 2 3 0 2 4 0 2 

0 0 5 1 0 4 1 3 4 2 1 4 3 0 4 4 0 5 
0 0 2 0 1 1 1 0 1 1 1 2 1 2 2 1 3 1 2 1 1 3 0 2 4 0 2 
0 0 2 0 1 2 1 0 2 1 1 2 1 3 2 2 1 2 3 0 3 4 0 3 
0 0 2 0 1 2 1 0 2 1 1 2 1 3 2 2 1 2 3 0 2 4 0 2 

0 0 4 1 0 3 1 3 3 2 1 4 3 0 4 4 0 5 
0 0 4 1 0 4 1 3 3 2 1 4 3 0 3 4 0 4 

0 0 3 0 1 2 1 0 2 1 1 3 1 3 2 2 1 2 3 0 2 4 0 3 
0 0 2 0 1 2 1 0 1 1 1 1 1 2 2 1 3 1 2 1 1 3 0 2 3 1 1 4 0 2 
0 0 2 0 1 1 1 0 1 1 1 1 1 2 2 1 3 1 2 0 1 2 1 1 3 0 1 3 1 2 4 0 1 
0 0 3 1 0 4 1 3 3 2 1 3 3 0 3 4 0 3 
0 0 4 1 0 4 1 3 4 2 1 4 3 0 5 4 0 4 

0 0 5 1 0 4 1 3 4 2 1 4 3 0 4 4 0 4 
0 0 4 1 0 4 1 3 4 2 1 3 3 0 3 4 0 4 
0 0 3 0 1 2 1 0 2 1 1 2 1 3 2 2 1 2 3 0 3 4 0 3 
0 0 1 0 1 1 1 0 2 1 1 1 1 2 1 1 3 1 2 0 2 2 1 1 3 0 1 3 1 1 4 0 1 
0 0 2 0 1 3 1 0 2 1 1 2 1 3 2 2 1 2 3 0 2 4 0 2 


0 0 4 1 0 4 1 3 3 2 1 3 3 0 3 4 0 4 

0 0 3 1 0 3 1 1 2 1 3 2 2 1 2 3 0 3 4 0 3 
0 0 3 0 1 3 1 0 2 1 1 2 1 3 2 2 1 2 3 0 2 4 0 2 
0 0 3 0 1 2 1 0 2 1 1 2 1 2 2 1 3 2 2 1 2 3 0 2 4 0 2 
0 0 1 0 1 1 1 0 2 1 1 2 1 2 2 1 3 1 2 1 1 3 0 1 3 1 1 4 0 1 
0 0 3 0 1 2 1 0 2 1 1 2 1 3 2 2 1 2 3 0 3 4 0 2 


0 0 1 0 1 1 1 0 2 1 1 2 1 2 1 1 3 1 2 0 2 2 1 1 3 0 1 3 1 1 4 0 1 
0 0 2 0 1 1 1 0 1 1 1 2 1 2 2 1 3 1 2 1 1 3 0 1 4 0 2 

0 0 2 0 1 2 1 0 2 1 1 3 1 2 2 1 3 2 2 1 2 3 0 2 4 0 2 
0 0 2 1 0 3 1 1 3 1 3 2 2 1 2 3 0 2 4 0 3 
0 0 3 1 0 2 1 1 2 1 3 2 2 1 2 3 0 3 4 0 2 
0 0 5 1 0 4 1 3 4 2 1 4 3 0 3 4 0 5 
0 0 3 0 1 2 1 0 2 1 1 2 1 3 2 2 1 2 3 0 3 4 0 3 



0 0 2 0 1 1 1 0 2 1 1 2 1 2 2 1 3 2 2 1 1 3 0 2 4 0 2 
0 0 4 1 0 3 1 3 3 2 1 3 3 0 3 4 0 4 
0 0 4 1 0 4 1 3 3 2 1 3 3 0 3 4 0 4 
1 0 9 
0 0 3 0 1 2 1 0 2 1 1 2 1 3 2 2 1 2 3 0 2 4 0 3 
0 0 1 0 1 1 1 0 1 1 1 1 1 2 1 1 4 1 2 0 1 3 0 1 3 1 1 4 0 1 
0 0 2 0 1 1 1 0 1 1 1 1 1 2 2 1 3 1 2 1 1 3 0 1 3 1 1 4 0 1 

1 0 7 
0 0 2 0 1 2 1 0 2 1 1 2 1 2 2 1 3 1 2 1 1 3 0 2 4 0 2 
0 0 3 0 1 2 1 0 3 1 1 2 1 3 2 2 1 2 3 0 2 4 0 2 
0 0 2 0 1 2 1 0 2 1 1 2 1 3 2 2 1 2 3 0 2 4 0 2 
0 0 2 0 1 1 1 0 1 1 1 1 1 2 2 1 3 1 2 1 1 3 0 2 3 1 2 4 0 2 

0 0 2 0 1 2 1 0 2 1 1 3 1 3 2 2 1 2 3 0 2 4 0 2 
0 0 3 0 1 2 1 0 2 1 1 2 1 3 2 2 1 2 3 0 2 4 0 3 
0 0 4 1 0 3 1 3 3 2 1 3 3 0 3 4 0 4 

0 0 4 1 0 4 1 3 3 2 1 3 3 0 3 4 0 4 
0 0 4 1 0 2 1 3 3 2 1 3 3 0 3 4 0 4 
0 0 1 0 1 1 1 0 1 1 1 2 1 2 2 1 3 1 2 0 1 2 1 1 3 0 1 3 1 1 4 0 1 


0 0 2 0 1 2 1 0 2 1 1 3 1 2 2 1 3 2 2 1 2 3 0 2 4 0 2 
0 0 3 1 0 4 1 3 3 2 1 4 3 0 3 4 0 3 

0 0 3 0 1 2 1 0 2 1 1 2 1 3 2 2 1 2 3 0 2 4 0 3 


0 0 5 1 0 3 1 3 3 2 1 4 3 0 4 4 0 4 
0 0 5 1 0 4 1 3 4 2 1 4 3 0 4 4 0 5 
0 0 4 1 0 4 1 3 3 2 1 3 3 0 3 4 0 3 
0 0 2 0 1 2 1 0 2 1 1 3 1 2 2 1 3 2 2 1 2 3 0 2 4 0 2 


1 0 4 1 3 4 2 1 22 3 0 22 4 0 21 
0 0 3 0 1 2 1 0 2 1 1 2 1 3 2 2 1 2 3 0 2 4 0 2 
0 0 3 0 1 2 1 0 2 1 1 2 1 3 2 2 1 2 3 0 2 4 0 3 
0 0 5 1 0 4 1 3 4 2 1 4 3 0 4 4 0 5 
0 0 3 0 1 2 1 0 2 1 1 2 1 3 2 2 1 2 3 0 3 4 0 2 
0 0 2 0 1 2 1 0 2 1 1 2 1 3 2 2 1 2 3 0 2 4 0 2 
1 0 8 

0 0 2 0 1 2 1 0 2 1 1 2 1 2 2 1 3 1 2 1 2 3 0 1 4 0 2 
0 0 2 0 1 2 1 0 2 1 1 3 1 3 2 2 1 2 3 0 2 4 0 2 
0 0 3 1 0 4 1 3 3 2 1 4 3 0 4 4 0 3 
0 0 4 1 0 3 1 3 3 2 1 4 3 0 3 4 0 3 

0 0 2 0 1 1 1 0 1 1 1 2 1 2 1 1 3 1 2 0 1 2 1 1 3 0 1 3 1 1 4 0 1 

0 0 4 1 0 4 1 3 3 2 1 3 3 0 3 4 0 4 
0 0 2 0 1 2 1 0 2 1 1 3 1 2 2 1 3 2 2 1 2 3 0 2 4 0 2 
1 0 5 1 3 5 2 1 11 3 0 12 4 0 5 

0 0 2 0 1 1 1 0 1 1 1 2 1 2 1 1 3 1 2 0 1 2 1 1 3 0 1 3 1 1 4 0 1 

0 0 2 0 1 1 1 0 1 1 1 1 1 2 1 1 3 1 2 0 1 2 1 1 3 0 1 3 1 2 4 0 1 

0 0 5 1 0 3 1 3 3 2 1 3 3 0 4 4 0 4 
0 0 2 0 1 1 1 0 2 1 1 2 1 2 2 1 3 1 2 1 1 3 0 1 4 0 2 
1 0 8 

0 0 3 0 1 2 1 0 2 1 1 2 1 3 2 2 1 2 3 0 2 4 0 3 



0 0 4 1 0 3 1 3 3 2 1 3 3 0 3 4 0 3 

0 0 3 1 0 4 1 3 3 2 1 3 3 0 3 4 0 4 
0 0 2 0 1 2 1 0 2 1 1 3 1 2 2 1 3 2 2 1 2 3 0 2 4 0 2 
0 0 4 1 0 4 1 3 3 2 1 3 3 0 3 4 0 4 
0 0 3 0 1 2 1 0 2 1 1 2 1 3 2 2 1 2 3 0 3 4 0 2 
0 0 2 0 1 1 1 0 1 1 1 2 1 2 1 1 3 1 2 0 1 2 1 1 3 0 1 3 1 2 4 0 1 
0 0 3 0 1 2 1 0 2 1 1 2 1 3 2 2 1 2 3 0 2 4 0 2 
1 0 8 
0 0 3 0 1 2 1 0 2 1 1 2 1 3 2 2 1 2 3 0 3 4 0 2 
0 0 2 0 1 2 1 0 2 1 1 3 1 3 2 2 1 2 3 0 2 4 0 2 

0 0 4 1 0 3 1 3 3 2 1 4 3 0 4 4 0 4 
0 0 4 1 0 4 1 3 3 2 1 3 3 0 3 4 0 4 

0 0 2 0 1 2 1 0 2 1 1 2 1 3 2 2 1 2 3 0 3 4 0 3 

0 0 4 1 0 3 1 3 3 2 1 4 3 0 3 4 0 3 
1 0 4 1 3 4 2 1 24 3 0 24 4 0 8 
1 0 11 
0 0 4 1 0 4 1 3 3 2 1 3 3 0 3 4 0 3 
0 0 3 0 1 2 1 0 3 1 1 3 1 3 2 2 1 2 3 0 2 4 0 2 

0 0 3 1 0 2 1 1 3 1 3 2 2 1 3 3 0 2 4 0 2 
0 0 4 1 0 3 1 3 3 2 1 3 3 0 3 4 0 3 

0 0 5 1 0 3 1 3 3 2 1 3 3 0 3 4 0 5 
0 0 2 0 1 2 1 0 2 1 1 2 1 2 2 1 3 1 2 1 1 3 0 2 4 0 1 

0 0 3 1 0 2 1 1 2 1 3 2 2 1 2 3 0 3 4 0 3 
0 0 3 0 1 2 1 0 2 1 1 3 1 3 2 2 1 2 3 0 2 4 0 2 
0 0 3 0 1 2 1 0 3 1 1 2 1 3 2 2 1 2 3 0 2 4 0 2 
0 0 3 0 1 2 1 0 3 1 1 3 1 3 2 2 1 2 3 0 2 4 0 2 
0 0 2 0 1 1 1 0 2 1 1 2 1 2 2 1 3 1 2 1 1 3 0 1 4 0 1 
0 0 3 0 1 2 1 0 2 1 1 3 1 3 2 2 1 2 3 0 2 4 0 2 

0 0 4 1 0 3 1 3 3 2 1 4 3 0 3 4 0 4 
0 0 4 1 0 3 1 3 3 2 1 3 3 0 3 4 0 3 

0 0 3 0 1 2 1 0 2 1 1 3 1 3 2 2 1 2 3 0 2 4 0 3 

0 0 4 1 0 3 1 3 3 2 1 3 3 0 4 4 0 4 
0 0 3 0 1 3 1 0 2 1 1 2 1 3 2 2 1 2 3 0 3 4 0 3 

0 0 5 1 0 4 1 3 4 2 1 4 3 0 4 4 0 4 
0 0 1 0 1 1 1 0 1 1 1 1 1 2 1 1 3 1 2 0 2 2 1 1 3 0 2 3 1 1 4 0 2 
0 0 5 1 0 4 1 3 3 2 1 4 3 0 4 4 0 4 
0 0 3 1 0 4 1 3 3 2 1 4 3 0 5 4 0 3 
0 0 3 0 1 2 1 0 2 1 1 3 1 3 2 2 1 2 3 0 3 4 0 3 
0 0 3 0 1 2 1 0 2 1 1 2 1 3 2 2 1 2 3 0 3 4 0 2 
0 0 3 0 1 2 1 0 2 1 1 2 1 3 2 2 1 2 3 0 2 4 0 3 
0 0 4 1 0 4 1 3 4 2 1 4 3 0 4 4 0 4 
0 0 1 0 1 1 1 0 2 1 1 2 1 2 2 1 3 1 2 1 1 3 0 1 3 1 1 4 0 1 
0 0 4 1 0 3 1 3 3 2 1 3 3 0 3 4 0 3 
0 0 3 0 1 2 1 0 2 1 1 2 1 3 2 2 1 2 3 0 3 4 0 2 
0 0 2 0 1 3 1 0 2 1 1 2 1 3 2 2 1 2 3 0 2 4 0 2 
1 0 11 
0 0 4 1 0 4 1 3 3 2 1 3 3 0 3 4 0 4 

0 0 4 1 0 3 1 3 3 2 1 3 3 0 3 4 0 4 

0 0 4 1 0 4 1 3 3 2 1 3 3 0 3 4 0 3 
0 0 2 0 1 2 1 0 1 1 1 1 1 2 1 1 3 1 2 0 1 2 1 1 3 0 2 3 1 1 4 0 2 


0 0 5 1 0 4 1 3 4 2 1 4 3 0 4 4 0 5 
0 0 2 0 1 2 1 0 2 1 1 2 1 2 2 1 3 1 2 1 2 3 0 2 4 0 2 
0 0 3 1 0 3 1 1 3 1 3 2 2 1 2 3 0 3 4 0 3 
0 0 4 1 0 4 1 3 3 2 1 3 3 0 3 4 0 4 
0 0 4 1 0 4 1 3 4 2 1 3 3 0 3 4 0 4 

0 0 2 0 1 1 1 0 2 1 1 1 1 2 2 1 3 1 2 1 1 3 0 1 3 1 2 4 0 1 

0 0 3 0 1 2 1 0 2 1 1 2 1 3 2 2 1 2 3 0 2 4 0 2 
0 0 4 1 0 3 1 3 3 2 1 3 3 0 3 4 0 4 

0 0 4 1 0 4 1 3 3 2 1 3 3 0 3 4 0 4 


0 0 3 0 1 2 1 0 2 1 1 2 1 2 2 1 3 2 2 1 2 3 0 2 4 0 2 
0 0 4 1 0 4 1 3 4 2 1 4 3 0 4 4 0 5 
0 0 3 1 0 3 1 3 3 2 1 3 3 0 4 4 0 3 
0 0 3 1 0 4 1 3 3 2 1 4 3 0 3 4 0 3 

0 0 2 0 1 2 1 0 2 1 1 3 1 3 2 2 1 2 3 0 2 4 0 2 
0 0 4 1 0 4 1 3 3 2 1 4 3 0 4 4 0 5 
0 0 2 0 1 2 1 0 2 1 1 2 1 3 2 2 1 2 3 0 2 4 0 3 
0 0 2 0 1 3 1 0 2 1 1 2 1 3 2 2 1 2 3 0 3 4 0 3 
1 0 5 1 3 6 2 1 26 3 0 27 4 0 7 

1 0 4 1 3 4 2 1 12 3 0 12 4 0 8 

0 0 1 0 1 1 1 0 2 1 1 2 1 2 1 1 3 1 2 0 1 2 1 1 3 0 1 3 1 1 4 0 1 

0 0 3 0 1 2 1 0 3 1 1 2 1 3 2 2 1 2 3 0 2 4 0 2 

0 0 3 1 0 3 1 3 3 2 1 3 3 0 3 4 0 4 
0 0 3 0 1 2 1 0 2 1 1 2 1 2 2 1 3 2 2 1 2 3 0 2 4 0 2 
0 0 2 0 1 2 1 0 2 1 1 2 1 2 2 1 3 1 2 1 1 3 0 1 3 1 1 4 0 2 

0 0 4 1 0 3 1 3 3 2 1 3 3 0 3 4 0 3 

0 0 4 1 0 3 1 3 3 2 1 3 3 0 3 4 0 3 
1 0 8 
1 0 7 
0 0 3 0 1 2 1 0 3 1 1 2 1 3 3 2 1 2 3 0 2 4 0 2 
0 0 4 1 0 3 1 3 3 2 1 3 3 0 3 4 0 3 

0 0 4 1 0 3 1 3 3 2 1 3 3 0 3 4 0 4 
1 0 5 
0 0 4 1 0 3 1 3 3 2 1 3 3 0 3 4 0 3 
0 0 1 0 1 1 1 0 2 1 1 2 1 2 2 1 3 1 2 0 1 2 1 1 3 0 1 3 1 1 4 0 1 
0 0 2 0 1 1 1 0 2 1 1 2 1 2 2 1 3 1 2 1 1 3 0 1 4 0 1 
0 0 2 0 1 2 1 0 2 1 1 2 1 3 2 2 1 2 3 0 3 4 0 3 
0 0 2 0 1 2 1 0 2 1 1 2 1 3 2 2 1 2 3 0 2 4 0 3 
0 0 4 1 0 4 1 3 3 2 1 3 3 0 3 4 0 3 
0 0 4 1 0 4 1 3 3 2 1 3 3 0 3 4 0 4 
0 0 3 0 1 2 1 0 2 1 1 2 1 3 2 2 1 2 3 0 2 4 0 2 
0 0 3 0 1 2 1 0 2 1 1 3 1 3 2 2 1 2 3 0 2 4 0 3 


0 0 2 0 1 2 1 0 2 1 1 3 1 3 2 2 1 2 3 0 2 4 0 2 
0 0 3 1 0 3 1 1 3 1 3 2 2 1 2 3 0 2 4 0 3 

0 0 4 1 0 3 1 3 3 2 1 4 3 0 4 4 0 5 
1 0 5 
0 0 5 1 0 3 1 3 4 2 1 3 3 0 4 4 0 4 
0 0 3 1 0 4 1 3 3 2 1 4 3 0 3 4 0 3 
0 0 3 1 0 4 1 3 3 2 1 3 3 0 4 4 0 3 
0 0 2 0 1 1 1 0 1 1 1 1 1 2 2 1 3 1 2 0 1 2 1 1 3 0 1 3 1 2 4 0 1 
0 0 2 0 1 2 1 0 2 1 1 3 1 3 2 2 1 2 3 0 2 4 0 2 
0 0 2 0 1 2 1 0 2 1 1 2 1 2 2 1 3 1 2 1 1 3 0 1 4 0 2 
1 0 7 


0 0 3 1 0 4 1 3 3 2 1 4 3 0 4 4 0 3 
0 0 2 0 1 2 1 0 2 1 1 3 1 2 2 1 3 2 2 1 2 3 0 2 4 0 2 
0 0 3 0 1 2 1 0 2 1 1 3 1 3 2 2 1 2 3 0 2 4 0 2 

0 0 2 0 1 3 1 0 2 1 1 2 1 3 2 2 1 2 3 0 3 4 0 3 
0 0 4 1 0 3 1 3 3 2 1 3 3 0 3 4 0 4 
0 0 3 0 1 2 1 0 2 1 1 3 1 3 2 2 1 2 3 0 2 4 0 3 

0 0 3 0 1 2 1 0 2 1 1 2 1 3 2 2 1 2 3 0 2 4 0 2 

0 0 3 0 1 2 1 0 2 1 1 3 1 3 2 2 1 2 3 0 2 4 0 2 
0 0 4 1 0 4 1 3 4 2 1 4 3 0 5 4 0 3 
1 0 8 

0 0 2 0 1 2 1 0 2 1 1 3 1 3 2 2 1 2 3 0 2 4 0 3 
0 0 3 0 1 2 1 0 3 1 1 2 1 3 3 2 1 2 3 0 2 4 0 2 
0 0 2 0 1 2 1 0 2 1 1 2 1 3 2 2 1 2 3 0 2 4 0 2 

0 0 2 0 1 2 1 0 1 1 1 2 1 2 2 1 3 1 2 1 1 3 0 2 4 0 2 

0 0 2 0 1 2 1 0 2 1 1 2 1 3 2 2 1 2 3 0 2 4 0 2 
0 0 2 0 1 2 1 0 1 1 1 2 1 2 2 1 3 1 2 1 1 3 0 1 4 0 2 

0 0 3 1 0 2 1 1 3 1 3 2 2 1 2 3 0 2 4 0 3 
0 0 4 1 0 4 1 3 3 2 1 4 3 0 5 4 0 3 
0 0 2 0 1 2 1 0 2 1 1 2 1 2 2 1 3 1 2 1 1 3 0 2 4 0 2 
0 0 2 0 1 2 1 0 2 1 1 2 1 2 1 1 3 1 2 1 1 3 0 1 4 0 1 
0 0 2 0 1 1 1 0 1 1 1 2 1 2 2 1 3 1 2 0 1 2 1 1 3 0 1 3 1 1 4 0 1 

0 0 3 1 0 4 1 3 3 2 1 3 3 0 3 4 0 4 
0 0 3 1 0 3 1 1 3 1 3 2 2 1 2 3 0 2 4 0 3 
0 0 2 0 1 1 1 0 1 1 1 1 1 2 1 1 3 1 2 0 1 2 1 1 3 0 1 3 1 1 4 0 2 

1 0 11 
0 0 2 0 1 2 1 0 2 1 1 2 1 2 2 1 3 2 2 1 2 3 0 3 4 0 2 
0 0 2 0 1 1 1 0 1 1 1 1 1 2 1 1 3 1 1 4 1 2 0 1 2 1 1 3 0 1 3 1 1 4 0 1 
0 0 3 1 0 4 1 3 3 2 1 3 3 0 3 4 0 3 
0 0 2 0 1 1 1 0 1 1 1 2 1 2 1 1 3 1 2 1 1 3 0 1 3 1 1 4 0 2 

0 0 4 1 0 3 1 3 3 2 1 3 3 0 3 4 0 4 
1 0 8 
1 0 9 
0 0 3 0 1 2 1 0 3 1 1 2 1 3 2 2 1 2 3 0 2 4 0 2 
0 0 3 1 0 3 1 1 3 1 3 2 2 1 2 3 0 2 4 0 3 
1 0 10 


0 0 3 1 0 2 1 1 2 1 3 2 2 1 2 3 0 2 4 0 2 
0 0 4 1 0 4 1 3 3 2 1 4 3 0 3 4 0 3 
0 0 4 1 0 3 1 3 3 2 1 3 3 0 3 4 0 3 
0 0 2 0 1 2 1 0 2 1 1 2 1 2 2 1 3 2 2 1 2 3 0 3 4 0 2 

1 0 11 
0 0 5 1 0 4 1 3 4 2 1 4 3 0 4 4 0 4 



0 0 2 0 1 1 1 0 1 1 1 1 1 2 2 1 3 1 2 0 1 2 1 1 3 0 2 3 1 1 4 0 1 
0 0 2 0 1 2 1 0 2 1 1 2 1 3 2 2 1 2 3 0 2 4 0 2 
0 0 1 0 1 1 1 0 2 1 1 2 1 2 2 1 3 1 2 0 1 2 1 1 3 0 1 3 1 1 4 0 1 
0 0 2 0 1 2 1 0 2 1 1 3 1 3 2 2 1 2 3 0 2 4 0 2 


0 0 4 1 0 3 1 3 3 2 1 4 3 0 4 4 0 5 
0 0 5 1 0 3 1 3 3 2 1 3 3 0 4 4 0 5 
0 0 3 1 0 3 1 3 3 2 1 3 3 0 3 4 0 3 


0 0 2 0 1 1 1 0 1 1 1 2 1 2 1 1 3 1 2 1 1 3 0 2 3 1 2 4 0 2 

0 0 3 0 1 2 1 0 2 1 1 2 1 2 2 1 3 2 2 1 2 3 0 2 4 0 2 
0 0 4 1 0 3 1 3 3 2 1 3 3 0 3 4 0 3 
0 0 2 0 1 1 1 0 2 1 1 1 1 2 2 1 3 1 2 1 1 3 0 1 3 1 1 4 0 2 
0 0 4 1 0 4 1 3 3 2 1 4 3 0 4 4 0 4 
0 0 1 0 1 1 1 0 1 1 1 1 1 2 1 1 3 1 2 0 1 2 1 1 3 0 2 3 1 1 4 0 2 
0 0 4 1 0 4 1 3 3 2 1 3 3 0 3 4 0 3 
0 0 3 0 1 2 1 0 2 1 1 2 1 2 2 1 3 2 2 1 2 3 0 2 4 0 2 

0 0 4 1 0 3 1 3 3 2 1 3 3 0 3 4 0 4 


0 0 2 0 1 1 1 0 1 1 1 1 1 2 1 1 3 1 2 1 1 3 0 1 3 1 2 4 0 1 
0 0 5 1 0 3 1 3 3 2 1 4 3 0 4 4 0 5 
0 0 1 0 1 1 1 0 1 1 1 1 1 2 1 1 4 1 2 0 1 2 1 1 3 0 1 3 1 1 4 0 1 

1 0 9 

0 0 3 1 0 4 1 3 3 2 1 3 3 0 4 4 0 3 
0 0 3 0 1 2 1 0 2 1 1 2 1 3 2 2 1 2 3 0 2 4 0 3 

0 0 4 1 0 3 1 3 3 2 1 3 3 0 3 4 0 4 
0 0 3 0 1 3 1 0 2 1 1 2 1 3 2 2 1 2 3 0 3 4 0 3 
1 0 10 
0 0 5 1 0 4 1 3 4 2 1 4 3 0 3 4 0 5 
0 0 3 0 1 2 1 0 2 1 1 2 1 3 2 2 1 2 3 0 2 4 0 2 
0 0 3 1 0 3 1 3 3 2 1 3 3 0 3 4 0 4 

0 0 1 0 1 1 1 0 1 1 1 2 1 2 2 1 3 1 2 0 1 2 1 1 3 0 1 3 1 1 4 0 1 
0 0 2 0 1 1 1 0 1 1 1 1 1 2 2 1 3 1 2 0 1 2 1 1 3 0 1 3 1 1 4 0 1 
0 0 2 0 1 2 1 0 2 1 1 3 1 3 2 2 1 2 3 0 2 4 0 2 
0 0 4 1 0 4 1 3 4 2 1 3 3 0 3 4 0 4 
0 0 2 0 1 2 1 0 2 1 1 3 1 3 2 2 1 2 3 0 2 4 0 3 
0 0 5 1 0 3 1 3 3 2 1 3 3 0 4 4 0 5 

0 0 3 0 1 2 1 0 2 1 1 2 1 3 2 2 1 2 3 0 2 4 0 2 

0 0 3 1 0 3 1 1 3 1 3 2 2 1 2 3 0 2 4 0 3 
0 0 3 0 1 2 1 0 2 1 1 2 1 2 2 1 3 1 2 1 3 3 0 3 4 0 2 

0 0 4 1 0 3 1 3 3 2 1 3 3 0 3 4 0 4 


0 0 2 0 1 2 1 0 2 1 1 3 1 2 2 1 3 2 2 1 2 3 0 2 4 0 2 

0 0 4 1 0 4 1 3 4 2 1 3 3 0 3 4 0 4 
0 0 3 0 1 2 1 0 2 1 1 3 1 3 2 2 1 2 3 0 2 4 0 3 
0 0 2 0 1 1 1 0 2 1 1 1 1 2 2 1 3 1 2 0 1 2 1 1 3 0 1 3 1 1 4 0 1 
0 0 5 1 0 4 1 3 4 2 1 4 3 0 4 4 0 4 
0 0 3 1 0 3 1 3 3 2 1 3 3 0 4 4 0 3 
0 0 2 0 1 1 1 0 2 1 1 2 1 2 2 1 3 1 2 1 1 3 0 1 4 0 2 

0 0 3 0 1 2 1 0 2 1 1 2 1 3 2 2 1 2 3 0 2 4 0 3 
0 0 4 1 0 4 1 3 4 2 1 4 3 0 5 4 0 3 
0 0 4 1 0 4 1 3 3 2 1 3 3 0 3 4 0 4 

0 0 3 1 0 3 1 3 3 2 1 3 3 0 4 4 0 3 

0 0 4 1 0 4 1 3 3 2 1 3 3 0 3 4 0 4 




0 0 4 1 0 4 1 3 3 2 1 4 3 0 3 4 0 3 
0 0 4 1 0 3 1 3 3 2 1 3 3 0 3 4 0 5 

0 0 4 1 0 4 1 3 3 2 1 3 3 0 3 4 0 4 
0 0 3 1 0 3 1 3 3 2 1 3 3 0 3 4 0 4 
0 0 2 0 1 2 1 0 2 1 1 3 1 3 2 2 1 2 3 0 2 4 0 3 

0 0 3 0 1 2 1 0 2 1 1 2 1 3 2 2 1 2 3 0 2 4 0 3 
0 0 2 0 1 1 1 0 1 1 1 1 1 2 2 1 3 1 2 1 1 3 0 1 3 1 2 4 0 1 


1 0 5 1 3 5 2 1 25 3 0 26 4 0 25 




1 0 11 
0 0 2 0 1 1 1 0 1 1 1 1 1 2 2 1 3 1 2 0 2 2 1 1 3 0 1 3 1 1 4 0 2 
0 0 2 0 1 2 1 0 2 1 1 2 1 2 2 1 3 2 2 1 2 3 0 3 4 0 2 
0 0 2 0 1 2 1 0 2 1 1 2 1 2 2 1 3 2 2 1 2 3 0 2 4 0 2 
0 0 3 1 0 3 1 1 3 1 3 2 2 1 2 3 0 3 4 0 2 
0 0 2 0 1 2 1 0 2 1 1 2 1 2 2 1 3 1 2 1 1 3 0 2 4 0 2 
0 0 4 1 0 3 1 3 3 2 1 3 3 0 3 4 0 3 
0 0 2 0 1 1 1 0 2 1 1 1 1 2 2 1 3 1 2 1 1 3 0 1 3 1 1 4 0 1 

0 0 5 1 0 4 1 3 4 2 1 4 3 0 4 4 0 4 
0 0 4 1 0 3 1 3 3 2 1 3 3 0 3 4 0 3 
0 0 3 0 1 2 1 0 2 1 1 3 1 3 2 2 1 2 3 0 2 4 0 3 
0 0 3 1 0 2 1 1 3 1 3 2 2 1 3 3 0 2 4 0 3 
0 0 4 1 0 4 1 3 3 2 1 3 3 0 3 4 0 3 
0 0 2 0 1 1 1 0 1 1 1 2 1 2 2 1 3 1 2 1 1 3 0 1 3 1 1 4 0 1 
0 0 4 1 0 4 1 3 4 2 1 4 3 0 3 4 0 5 
0 0 3 1 0 3 1 1 2 1 3 2 2 1 2 3 0 2 4 0 2 
0 0 3 0 1 2 1 0 2 1 1 3 1 3 2 2 1 2 3 0 2 4 0 2 
0 0 2 0 1 2 1 0 2 1 1 2 1 2 2 1 3 1 2 1 1 3 0 1 4 0 2 

0 0 3 0 1 2 1 0 2 1 1 2 1 3 2 2 1 2 3 0 2 4 0 2 
0 0 4 1 0 4 1 3 3 2 1 3 3 0 3 4 0 3 
0 0 3 0 1 2 1 0 2 1 1 2 1 3 2 2 1 2 3 0 2 4 0 2 
1 0 7 
0 0 2 0 1 1 1 0 2 1 1 2 1 2 1 1 3 1 2 1 1 3 0 1 3 1 2 4 0 2 
0 0 3 0 1 2 1 0 2 1 1 2 1 3 2 2 1 2 3 0 3 4 0 2 
0 0 4 1 0 4 1 3 3 2 1 4 3 0 3 4 0 4 
0 0 2 0 1 2 1 0 2 1 1 3 1 3 2 2 1 2 3 0 2 4 0 2 
1 0 9 
0 0 3 0 1 2 1 0 2 1 1 3 1 3 2 2 1 2 3 0 2 4 0 3 
0 0 3 1 0 4 1 3 3 2 1 3 3 0 3 4 0 3 
0 0 2 0 1 2 1 0 2 1 1 3 1 3 2 2 1 2 3 0 2 4 0 2 

0 0 4 1 0 4 1 3 3 2 1 3 3 0 3 4 0 3 

0 0 3 1 0 3 1 1 2 1 3 2 2 1 2 3 0 3 4 0 3 
0 0 4 1 0 3 1 3 3 2 1 3 3 0 3 4 0 3 
0 0 4 1 0 3 1 3 3 2 1 4 3 0 4 4 0 5 
0 0 4 1 0 4 1 3 3 2 1 3 3 0 3 4 0 3 


0 0 4 1 0 4 1 3 3 2 1 4 3 0 3 4 0 3 
0 0 2 0 1 1 1 0 2 1 1 2 1 2 2 1 3 1 2 1 1 3 0 1 4 0 2 
0 0 3 0 1 2 1 0 2 1 1 2 1 3 2 2 1 2 3 0 2 4 0 3 
0 0 4 1 0 4 1 3 4 2 1 4 3 0 4 4 0 5 

0 0 2 0 1 1 1 0 1 1 1 2 1 2 2 1 3 1 2 1 1 3 0 1 4 0 1 

0 0 2 0 1 2 1 0 2 1 1 2 1 2 2 1 3 2 2 1 1 3 0 2 4 0 2 


0 0 2 0 1 2 1 0 2 1 1 2 1 2 2 1 3 1 2 1 1 3 0 2 4 0 2 

0 0 3 0 1 2 1 0 2 1 1 2 1 3 2 2 1 2 3 0 2 4 0 3 
0 0 3 0 1 2 1 0 2 1 1 2 1 3 2 2 1 2 3 0 3 4 0 2 

0 0 2 0 1 2 1 0 2 1 1 2 1 2 2 1 3 1 2 1 1 3 0 1 4 0 1 
0 0 5 1 0 3 1 3 3 2 1 4 3 0 4 4 0 5 
1 0 10 
0 0 3 0 1 2 1 0 3 1 1 2 1 3 2 2 1 2 3 0 2 4 0 2 

0 0 3 0 1 2 1 0 2 1 1 2 1 3 2 2 1 2 3 0 2 4 0 2 
0 0 3 0 1 2 1 0 3 1 1 2 1 3 2 2 1 2 3 0 2 4 0 2 

1 0 7 

0 0 4 1 0 4 1 3 3 2 1 3 3 0 3 4 0 4 
0 0 3 0 1 2 1 0 2 1 1 2 1 3 2 2 1 2 3 0 2 4 0 2 


0 0 4 1 0 3 1 3 3 2 1 3 3 0 3 4 0 4 
1 0 4 1 3 4 2 1 18 3 0 19 4 0 6 


0 0 4 1 0 4 1 3 3 2 1 3 3 0 3 4 0 4 

0 0 2 0 1 1 1 0 1 1 1 1 1 2 2 1 3 1 2 0 1 2 1 1 3 0 1 3 1 1 4 0 1 

0 0 2 0 1 2 1 0 2 1 1 2 1 2 2 1 3 1 2 1 1 3 0 2 4 0 2 



0 0 4 1 0 3 1 3 3 2 1 3 3 0 3 4 0 3 

0 0 2 0 1 2 1 0 3 1 1 2 1 3 2 2 1 2 3 0 2 4 0 2 
0 0 2 0 1 1 1 0 1 1 1 2 1 2 2 1 3 1 2 1 1 3 0 1 3 1 2 4 0 2 
0 0 2 0 1 2 1 0 2 1 1 2 1 3 2 2 1 2 3 0 2 4 0 3 
0 0 4 1 0 3 1 3 3 2 1 3 3 0 3 4 0 4 
0 0 4 1 0 3 1 3 3 2 1 3 3 0 3 4 0 3 
0 0 4 1 0 3 1 3 3 2 1 3 3 0 3 4 0 3 
0 0 3 0 1 3 1 0 3 1 1 2 1 3 3 2 1 2 3 0 3 4 0 3 
0 0 4 1 0 4 1 3 3 2 1 3 3 0 4 4 0 4 

0 0 5 1 0 4 1 3 3 2 1 4 3 0 4 4 0 4 
0 0 4 1 0 3 1 3 3 2 1 3 3 0 3 4 0 5 
0 0 1 0 1 1 1 0 1 1 1 1 1 2 1 1 3 1 1 4 1 2 0 2 2 1 1 3 0 2 3 1 1 4 0 2 
0 0 2 0 1 1 1 0 1 1 1 2 1 2 1 1 3 1 2 1 1 3 0 1 3 1 2 4 0 2 

0 0 2 0 1 2 1 0 3 1 1 2 1 3 2 2 1 2 3 0 2 4 0 2 
0 0 2 0 1 2 1 0 2 1 1 2 1 2 2 1 3 2 2 1 2 3 0 2 4 0 2 
0 0 3 0 1 2 1 0 2 1 1 2 1 2 2 1 3 2 2 1 2 3 0 2 4 0 2 
0 0 3 0 1 2 1 0 2 1 1 3 1 3 2 2 1 2 3 0 2 4 0 3 
0 0 1 0 1 1 1 0 2 1 1 2 1 2 1 1 3 1 2 0 2 2 1 1 3 0 1 3 1 1 4 0 1 
0 0 2 0 1 2 1 0 2 1 1 2 1 3 2 2 1 2 3 0 3 4 0 3 
0 0 4 1 0 4 1 3 4 2 1 4 3 0 4 4 0 5 
0 0 2 0 1 2 1 0 2 1 1 2 1 2 1 1 3 1 2 1 1 3 0 2 4 0 2 

0 0 1 0 1 1 1 0 1 1 1 2 1 2 1 1 3 1 2 0 1 2 1 1 3 0 1 3 1 1 4 0 2 
0 0 2 0 1 2 1 0 2 1 1 2 1 2 2 1 3 2 2 1 1 3 0 1 4 0 2 
0 0 2 0 1 2 1 0 2 1 1 2 1 2 2 1 3 1 2 1 1 3 0 2 4 0 1 
0 0 1 0 1 1 1 0 1 1 1 2 1 2 1 1 3 1 1 4 1 2 0 1 2 1 1 3 0 1 3 1 1 4 0 1 




0 0 3 0 1 2 1 0 2 1 1 2 1 3 2 2 1 2 3 0 2 4 0 2 
0 0 3 0 1 2 1 0 3 1 1 2 1 3 2 2 1 2 3 0 3 4 0 2 




0 0 4 1 0 4 1 3 3 2 1 3 3 0 3 4 0 4 
0 0 2 0 1 2 1 0 2 1 1 2 1 3 2 2 1 2 3 0 2 4 0 3 

0 0 4 1 0 4 1 3 3 2 1 3 3 0 3 4 0 4 
0 0 2 0 1 2 1 0 2 1 1 2 1 2 2 1 3 2 2 1 2 3 0 3 4 0 2 
0 0 1 0 1 1 1 0 1 1 1 1 1 2 1 1 3 1 1 4 1 2 0 1 2 1 1 3 0 1 3 1 1 4 0 1 
0 0 4 1 0 4 1 3 4 2 1 4 3 0 4 4 0 4 
0 0 3 0 1 2 1 0 3 1 1 3 1 3 2 2 1 2 3 0 2 4 0 2 
0 0 2 0 1 2 1 0 2 1 1 3 1 2 2 1 3 2 2 1 2 3 0 2 4 0 2 
0 0 4 1 0 4 1 3 4 2 1 4 3 0 4 4 0 4 
0 0 2 0 1 2 1 0 2 1 1 2 1 2 2 1 3 1 2 1 1 3 0 2 3 1 2 4 0 2 
0 0 2 0 1 1 1 0 2 1 1 1 1 2 1 1 3 1 2 1 1 3 0 1 3 1 2 4 0 1 
0 0 2 0 1 1 1 0 1 1 1 2 1 2 1 1 3 1 2 0 1 2 1 1 3 0 1 3 1 1 4 0 1 
0 0 2 0 1 2 1 0 2 1 1 2 1 2 2 1 3 2 2 1 2 3 0 3 4 0 2 
0 0 3 0 1 2 1 0 2 1 1 2 1 3 2 2 1 2 3 0 2 4 0 2 
0 0 4 1 0 4 1 3 3 2 1 3 3 0 3 4 0 4 
0 0 4 1 0 4 1 3 3 2 1 3 3 0 3 4 0 3 
1 0 9 

0 0 5 1 0 3 1 3 3 2 1 4 3 0 4 4 0 5 
0 0 3 1 0 4 1 3 3 2 1 3 3 0 3 4 0 3 
0 0 5 1 0 3 1 3 3 2 1 4 3 0 4 4 0 4 


0 0 2 0 1 2 1 0 2 1 1 2 1 3 1 2 1 1 3 0 2 4 0 2 

0 0 4 1 0 4 1 3 4 2 1 4 3 0 3 4 0 4 
0 0 2 0 1 1 1 0 1 1 1 2 1 2 2 1 3 1 2 1 1 3 0 2 3 1 1 4 0 1 

0 0 3 0 1 2 1 0 2 1 1 2 1 3 2 2 1 2 3 0 2 4 0 2 
1 0 5 1 3 5 2 1 29 3 0 30 4 0 10 
1 0 10 

0 0 4 1 0 3 1 3 3 2 1 3 3 0 3 4 0 5 

0 0 1 0 1 1 1 0 1 1 1 1 1 2 2 1 3 1 2 0 1 2 1 1 3 0 1 3 1 1 4 0 1 
0 0 2 0 1 1 1 0 1 1 1 2 1 2 1 1 3 1 2 0 2 2 1 1 3 0 1 3 1 1 4 0 1 
0 0 3 0 1 2 1 0 2 1 1 2 1 3 2 2 1 2 3 0 2 4 0 3 
0 0 4 1 0 4 1 3 3 2 1 3 3 0 3 4 0 4 
0 0 4 1 0 4 1 3 4 2 1 4 3 0 4 4 0 5 

1 0 11 
0 0 2 0 1 2 1 0 2 1 1 2 1 2 2 1 3 1 2 1 1 3 0 1 3 1 1 4 0 1 


0 0 5 1 0 3 1 3 3 2 1 3 3 0 3 4 0 5 

0 0 2 0 1 2 1 0 3 1 1 2 1 3 2 2 1 2 3 0 2 4 0 2 
0 0 2 0 1 3 1 0 2 1 1 2 1 2 2 1 3 2 2 1 2 3 0 2 4 0 2 
0 0 5 1 0 4 1 3 4 2 1 4 3 0 4 4 0 4 
0 0 2 0 1 1 1 0 1 1 1 1 1 2 1 1 3 1 1 4 1 2 0 1 2 1 1 3 0 1 3 1 1 4 0 1 
0 0 4 1 0 4 1 3 3 2 1 3 3 0 3 4 0 3 

0 0 3 0 1 2 1 0 2 1 1 2 1 3 2 2 1 2 3 0 2 4 0 3 

0 0 2 0 1 1 1 0 1 1 1 2 1 2 2 1 3 1 2 1 1 3 0 1 3 1 1 4 0 1 



0 0 3 0 1 2 1 0 3 1 1 2 1 3 2 2 1 2 3 0 2 4 0 2 

0 0 2 0 1 2 1 0 3 1 1 2 1 3 2 2 1 2 3 0 2 4 0 2 
0 0 4 1 0 4 1 3 4 2 1 4 3 0 4 4 0 4 
1 0 10 

0 0 2 1 0 3 1 1 3 1 3 2 2 1 2 3 0 2 4 0 2 
1 0 5 1 3 5 2 1 18 3 0 11 4 0 8 

0 0 1 0 1 1 1 0 1 1 1 2 1 2 2 1 3 1 2 0 1 2 1 1 3 0 1 3 1 1 4 0 1 
0 0 2 1 0 2 1 1 3 1 3 2 2 1 2 3 0 2 4 0 3 
0 0 3 0 1 2 1 0 2 1 1 3 1 3 2 2 1 2 3 0 2 4 0 2 

0 0 4 1 0 4 1 3 3 2 1 4 3 0 4 4 0 5 
0 0 2 0 1 2 1 0 2 1 1 2 1 2 2 1 3 1 2 1 1 3 0 2 4 0 1 


0 0 2 0 1 2 1 0 2 1 1 3 1 2 2 1 3 2 2 1 2 3 0 2 4 0 2 

0 0 1 0 1 1 1 0 2 1 1 2 1 2 1 1 3 1 2 1 1 3 0 1 3 1 2 4 0 1 
0 0 1 0 1 1 1 0 1 1 1 2 1 2 1 1 3 1 2 0 2 2 1 1 3 0 1 3 1 1 4 0 1 
0 0 3 0 1 2 1 0 3 1 1 2 1 3 2 2 1 2 3 0 2 4 0 2 
0 0 5 1 0 4 1 3 4 2 1 4 3 0 4 4 0 4 

0 0 2 0 1 2 1 0 2 1 1 3 1 3 2 2 1 2 3 0 2 4 0 3 


0 0 2 0 1 2 1 0 2 1 1 3 1 3 2 2 1 2 3 0 2 4 0 2 
0 0 1 0 1 1 1 0 1 1 1 2 1 2 2 1 3 1 2 0 1 2 1 1 3 0 1 3 1 1 4 0 1 
0 0 2 0 1 1 1 0 1 1 1 1 1 2 2 1 3 1 2 0 1 2 1 1 3 0 1 3 1 1 4 0 2 


0 0 2 0 1 2 1 0 2 1 1 2 1 2 2 1 3 1 2 1 1 3 0 2 3 1 2 4 0 2 
0 0 2 0 1 2 1 0 2 1 1 3 1 2 2 1 3 2 2 1 2 3 0 2 4 0 2 

0 0 5 1 0 3 1 3 3 2 1 4 3 0 4 4 0 4 
0 0 2 0 1 2 1 0 2 1 1 2 1 2 2 1 3 2 2 1 2 3 0 3 4 0 2 
0 0 2 0 1 2 1 0 2 1 1 2 1 3 2 2 1 2 3 0 3 4 0 2 
0 0 2 0 1 1 1 0 1 1 1 2 1 2 2 1 3 1 2 0 1 2 1 1 3 0 1 3 1 1 4 0 2 

0 0 2 0 1 2 1 0 2 1 1 3 1 3 2 2 1 2 3 0 2 4 0 2 

0 0 5 1 0 3 1 3 3 2 1 3 3 0 4 4 0 4 
0 0 2 0 1 2 1 0 2 1 1 3 1 3 2 2 1 2 3 0 2 4 0 2 
0 0 2 0 1 2 1 0 3 1 1 2 1 3 2 2 1 2 3 0 2 4 0 2 
0 0 2 0 1 1 1 0 1 1 1 2 1 2 2 1 3 1 2 1 1 3 0 1 4 0 1 
0 0 4 1 0 4 1 3 4 2 1 4 3 0 3 4 0 3 
0 0 4 1 0 3 1 3 3 2 1 3 3 0 4 4 0 4 
0 0 2 0 1 2 1 0 2 1 1 2 1 3 2 2 1 2 3 0 3 4 0 2 

0 0 2 0 1 2 1 0 1 1 1 2 1 2 2 1 3 1 2 1 1 3 0 1 4 0 1 
0 0 2 0 1 1 1 0 2 1 1 1 1 2 2 1 3 1 2 0 1 2 1 1 3 0 1 3 1 1 4 0 1 

0 0 2 0 1 2 1 0 2 1 1 2 1 3 2 2 1 2 3 0 2 4 0 3 
0 0 1 0 1 1 1 0 1 1 1 2 1 2 1 1 3 1 2 0 1 2 1 1 3 0 1 3 1 1 4 0 1 
1 0 7 2 1 16 4 0 1 
0 0 3 0 1 2 1 0 2 1 1 2 1 3 2 2 1 2 3 0 2 4 0 3 
0 0 2 0 1 1 1 0 1 1 1 1 1 2 1 1 3 1 2 0 1 2 1 1 3 0 1 3 1 2 4 0 1 

0 0 3 0 1 2 1 0 2 1 1 2 1 3 2 2 1 2 3 0 2 4 0 2 
0 0 3 1 0 4 1 3 3 2 1 3 3 0 4 4 0 4 
0 0 4 1 0 4 1 3 3 2 1 4 3 0 4 4 0 5 


0 0 2 0 1 1 1 0 1 1 1 2 1 2 2 1 3 1 2 1 1 3 0 1 3 1 1 4 0 1 
0 0 3 0 1 2 1 0 3 1 1 2 1 3 2 2 1 2 3 0 2 4 0 2 
0 0 3 1 0 4 1 3 3 2 1 3 3 0 3 4 0 4 

0 0 3 0 1 2 1 0 2 1 1 2 1 3 2 2 1 2 3 0 2 4 0 3 
0 0 4 1 0 3 1 3 3 2 1 3 3 0 3 4 0 3 
0 0 2 0 1 2 1 0 2 1 1 2 1 3 1 2 1 2 3 0 2 4 0 2 
0 0 2 0 1 1 1 0 2 1 1 2 1 2 2 1 3 1 2 0 1 2 1 1 3 0 1 3 1 1 4 0 1 

0 0 2 0 1 2 1 0 2 1 1 2 1 2 2 1 3 1 2 0 1 2 1 1 3 0 1 3 1 1 4 0 1 



0 0 3 0 1 2 1 0 2 1 1 2 1 3 2 2 1 2 3 0 2 4 0 2 
0 0 3 0 1 2 1 0 2 1 1 2 1 3 2 2 1 2 3 0 2 4 0 2 

0 0 3 0 1 2 1 0 2 1 1 2 1 3 2 2 1 2 3 0 2 4 0 2 

0 0 3 0 1 2 1 0 2 1 1 2 1 3 2 2 1 2 3 0 2 4 0 2 
0 0 2 0 1 1 1 0 1 1 1 2 1 2 2 1 3 1 2 1 1 3 0 1 4 0 1 



0 0 3 0 1 2 1 0 2 1 1 2 1 3 2 2 1 2 3 0 2 4 0 3 
0 0 3 0 1 2 1 0 2 1 1 2 1 3 2 2 1 2 3 0 2 4 0 3 
0 0 2 0 1 1 1 0 2 1 1 2 1 2 2 1 3 1 2 1 1 3 0 1 3 1 1 4 0 1 
0 0 2 0 1 1 1 0 2 1 1 2 1 2 2 1 3 1 2 1 1 3 0 2 4 0 2 
0 0 3 0 1 2 1 0 2 1 1 2 1 3 2 2 1 2 3 0 2 4 0 2 
0 0 4 1 0 4 1 3 3 2 1 3 3 0 3 4 0 4 

0 0 3 0 1 2 1 0 2 1 1 3 1 3 2 2 1 2 3 0 2 4 0 2 
0 0 3 0 1 2 1 0 2 1 1 2 1 3 2 2 1 2 3 0 2 4 0 2 

0 0 3 1 0 3 1 1 3 1 3 2 2 1 3 3 0 2 4 0 2 

0 0 4 1 0 4 1 3 3 2 1 3 3 0 3 4 0 4 
0 0 4 1 0 4 1 3 3 2 1 3 3 0 3 4 0 4 
0 0 2 0 1 2 1 0 2 1 1 2 1 2 2 1 3 2 2 1 2 3 0 2 4 0 2 
0 0 2 0 1 2 1 0 3 1 1 2 1 3 2 2 1 2 3 0 2 4 0 2 



0 0 3 0 1 2 1 0 3 1 1 2 1 3 2 2 1 2 3 0 3 4 0 2 
0 0 5 1 0 4 1 3 4 2 1 4 3 0 4 4 0 5 
0 0 3 0 1 2 1 0 2 1 1 2 1 3 2 2 1 2 3 0 2 4 0 3 
0 0 3 1 0 4 1 3 3 2 1 4 3 0 3 4 0 3 
0 0 2 0 1 2 1 0 2 1 1 3 1 3 2 2 1 2 3 0 2 4 0 3 
0 0 2 0 1 2 1 0 2 1 1 2 1 2 2 1 3 1 2 1 2 3 0 2 4 0 2 

1 0 4 
0 0 2 0 1 2 1 0 3 1 1 2 1 3 2 2 1 2 3 0 2 4 0 2 
0 0 4 1 0 4 1 3 3 2 1 4 3 0 4 4 0 4 
0 0 1 0 1 1 1 0 1 1 1 1 1 2 1 1 3 1 2 0 1 2 1 1 3 0 2 3 1 1 4 0 2 

0 0 4 1 0 4 1 3 3 2 1 4 3 0 4 4 0 4 
0 0 4 1 0 4 1 3 3 2 1 3 3 0 3 4 0 3 

0 0 4 1 0 4 1 3 3 2 1 3 3 0 3 4 0 4 

0 0 3 1 0 3 1 1 2 1 3 2 2 1 2 3 0 2 4 0 2 
0 0 4 1 0 4 1 3 3 2 1 4 3 0 5 4 0 3 
0 0 2 0 1 1 1 0 1 1 1 1 1 2 1 1 3 1 2 1 1 3 0 2 3 1 2 4 0 2 
0 0 4 1 0 4 1 3 3 2 1 3 3 0 3 4 0 3 
0 0 4 1 0 3 1 3 3 2 1 3 3 0 3 4 0 5 
0 0 2 0 1 2 1 0 2 1 1 2 1 3 2 2 1 2 3 0 1 4 0 2 

0 0 3 1 0 3 1 1 3 1 3 2 2 1 2 3 0 2 4 0 2 
0 0 2 0 1 2 1 0 2 1 1 2 1 2 2 1 3 2 2 1 2 3 0 2 4 0 2 

0 0 3 0 1 2 1 0 2 1 1 2 1 3 2 2 1 2 3 0 2 4 0 2 
1 0 5 1 3 5 2 1 25 3 0 26 4 0 25 

0 0 4 1 0 4 1 3 3 2 1 3 3 0 3 4 0 4 




0 0 3 0 1 2 1 0 2 1 1 2 1 3 2 2 1 3 3 0 2 4 0 2 
0 0 4 1 0 4 1 3 4 2 1 3 3 0 3 4 0 4 
0 0 3 0 1 2 1 0 2 1 1 2 1 3 2 2 1 2 3 0 2 4 0 3 
0 0 3 0 1 2 1 0 2 1 1 2 1 2 2 1 3 2 2 1 2 3 0 2 4 0 2 

0 0 2 0 1 1 1 0 2 1 1 2 1 2 2 1 3 1 2 1 1 3 0 1 3 1 2 4 0 2 
0 0 4 1 0 3 1 3 3 2 1 3 3 0 3 4 0 4 
0 0 4 1 0 3 1 3 3 2 1 3 3 0 3 4 0 4 
0 0 4 1 0 4 1 3 4 2 1 4 3 0 4 4 0 5 
0 0 2 0 1 2 1 0 2 1 1 2 1 3 2 2 1 2 3 0 2 4 0 2 
0 0 4 1 0 4 1 3 3 2 1 3 3 0 3 4 0 3 

0 0 4 1 0 4 1 3 3 2 1 3 3 0 3 4 0 4 


0 0 3 0 1 2 1 0 3 1 1 2 1 3 2 2 1 2 3 0 2 4 0 2 
0 0 4 1 0 3 1 3 3 2 1 3 3 0 3 4 0 4 
1 0 10 
0 0 2 0 1 2 1 0 2 1 1 2 1 3 2 2 1 2 3 0 3 4 0 3 
0 0 2 0 1 1 1 0 2 1 1 2 1 2 2 1 3 1 2 1 1 3 0 1 4 0 2 

0 0 1 0 1 1 1 0 1 1 1 2 1 2 1 1 3 1 2 0 1 2 1 1 3 0 1 3 1 1 4 0 1 



0 0 3 0 1 2 1 0 2 1 1 2 1 2 2 1 3 2 2 1 2 3 0 2 4 0 2 

0 0 3 1 0 4 1 3 3 2 1 3 3 0 3 4 0 3 

0 0 2 0 1 1 1 0 1 1 1 1 1 2 1 1 3 1 2 0 1 2 1 1 3 0 1 3 1 1 4 0 1 
0 0 4 1 0 3 1 3 3 2 1 3 3 0 3 4 0 3 

0 0 5 1 0 4 1 3 4 2 1 4 3 0 4 4 0 5 

0 0 3 0 1 2 1 0 2 1 1 2 1 3 2 2 1 2 3 0 2 4 0 2 
0 0 1 0 1 1 1 0 1 1 1 2 1 2 1 1 3 1 2 0 2 2 1 1 3 0 1 3 1 1 4 0 1 

0 0 3 1 0 3 1 3 3 2 1 3 3 0 3 4 0 4 
0 0 4 1 0 3 1 3 3 2 1 3 3 0 3 4 0 3 
0 0 2 0 1 2 1 0 2 1 1 2 1 2 2 1 3 1 2 1 2 3 0 1 4 0 2 

0 0 3 0 1 3 1 0 2 1 1 2 1 3 2 2 1 2 3 0 3 4 0 3 

0 0 3 1 0 3 1 3 3 2 1 3 3 0 3 4 0 4 
0 0 3 0 1 3 1 0 3 1 1 2 1 3 3 2 1 3 3 0 3 4 0 3 
0 0 3 0 1 2 1 0 3 1 1 2 1 3 2 2 1 2 3 0 2 4 0 2 
0 0 2 0 1 2 1 0 2 1 1 2 1 3 2 2 1 2 3 0 2 4 0 2 
0 0 1 0 1 1 1 0 1 1 1 2 1 2 1 1 3 1 2 0 2 2 1 1 3 0 1 3 1 1 4 0 1 

0 0 2 0 1 2 1 0 2 1 1 2 1 3 2 2 1 2 3 0 3 4 0 2 
0 0 1 0 1 1 1 0 1 1 1 1 1 2 1 1 3 1 1 4 1 2 0 2 2 1 1 3 0 2 3 1 1 4 0 2 

0 0 3 0 1 2 1 0 2 1 1 2 1 3 2 2 1 2 3 0 2 4 0 2 

0 0 3 1 0 2 1 1 2 1 3 2 2 1 2 3 0 2 4 0 3 
0 0 2 0 1 1 1 0 2 1 1 2 1 2 2 1 3 1 2 1 1 3 0 1 3 1 1 4 0 1 

0 0 2 0 1 2 1 0 2 1 1 2 1 2 2 1 3 1 2 1 1 3 0 1 4 0 1 
0 0 2 0 1 1 1 0 1 1 1 1 1 2 2 1 3 1 2 1 1 3 0 1 3 1 2 4 0 2 
0 0 4 1 0 4 1 3 3 2 1 3 3 0 3 4 0 4 
0 0 1 0 1 1 1 0 1 1 1 2 1 2 2 1 3 1 1 4 1 2 0 1 2 1 1 3 0 1 3 1 1 4 0 1 

0 0 4 1 0 3 1 3 3 2 1 3 3 0 3 4 0 3 
0 0 3 1 0 4 1 3 3 2 1 3 3 0 3 4 0 4 

0 0 2 0 1 2 1 0 2 1 1 3 1 2 2 1 3 2 2 1 2 3 0 2 4 0 2 
0 0 3 0 1 2 1 0 2 1 1 2 1 3 2 2 1 2 3 0 2 4 0 2 

0 0 3 0 1 2 1 0 2 1 1 2 1 2 2 1 3 2 2 1 2 3 0 2 4 0 2 
0 0 2 0 1 1 1 0 2 1 1 2 1 2 2 1 3 1 2 0 2 2 1 1 3 0 1 3 1 1 4 0 2 
0 0 1 0 1 1 1 0 1 1 1 1 1 2 1 1 3 1 2 0 2 2 1 1 3 0 2 3 1 1 4 0 2 


0 0 2 0 1 1 1 0 1 1 1 2 1 2 1 1 3 1 2 0 1 2 1 1 3 0 1 3 1 2 4 0 1 
0 0 2 0 1 1 1 0 1 1 1 2 1 2 1 1 3 1 2 1 1 3 0 2 4 0 2 

0 0 5 1 0 3 1 3 3 2 1 4 3 0 4 4 0 5 

0 0 4 1 0 3 1 3 3 2 1 3 3 0 3 4 0 3 
0 0 1 0 1 1 1 0 1 1 1 1 1 2 1 1 3 1 2 0 1 2 1 1 3 0 2 3 1 1 4 0 2 
0 0 3 0 1 2 1 0 2 1 1 2 1 3 2 2 1 2 3 0 3 4 0 2 
0 0 1 0 1 1 1 0 1 1 1 1 1 2 1 1 3 1 1 4 1 2 0 1 2 1 1 3 0 1 3 1 1 4 0 1 


0 0 3 1 0 2 1 1 2 1 3 2 2 1 2 3 0 3 4 0 3 
0 0 3 1 0 2 1 1 2 1 3 2 2 1 2 3 0 3 4 0 3 
0 0 2 0 1 2 1 0 2 1 1 2 1 2 2 1 3 2 2 1 2 3 0 3 4 0 2 


0 0 3 0 1 2 1 0 3 1 1 2 1 3 2 2 1 2 3 0 2 4 0 3 

1 0 9 

0 0 2 0 1 2 1 0 2 1 1 2 1 2 2 1 3 1 2 1 2 3 0 2 4 0 1 


0 0 3 0 1 2 1 0 2 1 1 2 1 3 2 2 1 2 3 0 3 4 0 2 
0 0 5 1 0 3 1 3 3 2 1 4 3 0 4 4 0 5 
1 0 4 1 3 4 2 1 19 3 0 20 4 0 19 
0 0 2 0 1 1 1 0 1 1 1 2 1 2 2 1 3 1 2 1 1 3 0 1 4 0 2 
1 0 8 





0 0 3 0 1 2 1 0 2 1 1 2 1 2 2 1 3 2 2 1 2 3 0 2 3 1 2 4 0 2 
0 0 4 1 0 4 1 3 3 2 1 3 3 0 3 4 0 4 
0 0 3 0 1 2 1 0 2 1 1 2 1 3 2 2 1 2 3 0 3 4 0 2 
0 0 4 1 0 3 1 3 3 2 1 3 3 0 3 4 0 4 
0 0 2 0 1 2 1 0 2 1 1 3 1 2 2 1 3 2 2 1 2 3 0 2 4 0 2 
0 0 2 0 1 1 1 0 1 1 1 1 1 2 1 1 3 1 1 4 1 2 0 1 2 1 1 3 0 1 3 1 1 4 0 1 
0 0 3 0 1 2 1 0 2 1 1 3 1 3 2 2 1 2 3 0 2 4 0 2 

0 0 3 0 1 2 1 0 2 1 1 2 1 3 2 2 1 2 3 0 2 4 0 2 
1 0 9 
0 0 4 1 0 4 1 3 3 2 1 3 3 0 3 4 0 4 
0 0 4 1 0 3 1 3 3 2 1 3 3 0 3 4 0 3 
0 0 2 0 1 2 1 0 2 1 1 2 1 3 2 2 1 2 3 0 3 4 0 2 
0 0 1 0 1 1 1 0 1 1 1 1 1 2 1 1 4 1 2 0 1 3 0 1 3 1 1 4 0 1 

0 0 2 0 1 1 1 0 1 1 1 1 1 2 1 1 3 1 2 0 1 2 1 1 3 0 1 3 1 1 4 0 1 
0 0 3 0 1 2 1 0 2 1 1 2 1 3 2 2 1 2 3 0 2 4 0 2 

0 0 5 1 0 4 1 3 3 2 1 4 3 0 4 4 0 4 
0 0 4 1 0 4 1 3 3 2 1 3 3 0 3 4 0 4 


0 0 3 0 1 2 1 0 2 1 1 2 1 3 2 2 1 2 3 0 2 4 0 2 
0 0 1 0 1 1 1 0 1 1 1 1 1 2 1 1 3 1 2 0 2 2 1 1 3 0 1 3 1 1 4 0 2 

0 0 3 0 1 2 1 0 2 1 1 2 1 3 2 2 1 2 3 0 3 4 0 2 
0 0 3 0 1 2 1 0 3 1 1 2 1 3 2 2 1 2 3 0 2 4 0 2 
0 0 4 1 0 4 1 3 4 2 1 3 3 0 3 4 0 4 

0 0 2 0 1 2 1 0 2 1 1 2 1 2 2 1 3 2 2 1 2 3 0 3 4 0 2 
0 0 4 1 0 4 1 3 3 2 1 3 3 0 3 4 0 4 


0 0 4 1 0 4 1 3 4 2 1 3 3 0 3 4 0 4 
0 0 3 1 0 2 1 1 2 1 3 2 2 1 2 3 0 3 4 0 3 

0 0 4 1 0 4 1 3 3 2 1 3 3 0 3 4 0 4 
0 0 3 0 1 2 1 0 2 1 1 2 1 3 2 2 1 2 3 0 3 4 0 3 
0 0 2 0 1 2 1 0 2 1 1 2 1 2 2 1 3 1 2 1 1 3 0 1 4 0 2 
0 0 1 0 1 1 1 0 1 1 1 1 1 2 1 1 3 1 2 0 1 2 1 1 3 0 2 3 1 1 4 0 1 
1 0 5 1 3 5 2 1 17 3 0 18 4 0 9 
0 0 2 0 1 2 1 0 1 1 1 1 1 2 2 1 3 1 2 1 1 3 0 2 4 0 2 
0 0 2 0 1 2 1 0 2 1 1 3 1 3 2 2 1 2 3 0 2 4 0 2 
0 0 3 0 1 2 1 0 2 1 1 2 1 3 2 2 1 2 3 0 2 4 0 2 
0 0 4 1 0 4 1 3 4 2 1 3 3 0 3 4 0 6 

1 0 7 

0 0 2 0 1 1 1 0 2 1 1 2 1 2 2 1 3 1 2 1 1 3 0 2 4 0 2 

0 0 3 1 0 3 1 3 3 2 1 3 3 0 4 4 0 3 
0 0 4 1 0 4 1 3 3 2 1 3 3 0 3 4 0 4 
0 0 2 0 1 1 1 0 1 1 1 1 1 2 2 1 3 1 2 0 1 2 1 1 3 0 1 3 1 2 4 0 1 
0 0 5 1 0 4 1 3 4 2 1 4 3 0 4 4 0 4 



0 0 3 0 1 2 1 0 2 1 1 2 1 3 2 2 1 2 3 0 3 4 0 3 
0 0 3 0 1 2 1 0 2 1 1 3 1 3 2 2 1 2 3 0 2 4 0 2 
0 0 4 1 0 4 1 3 3 2 1 4 3 0 4 4 0 3 
0 0 5 1 0 4 1 3 4 2 1 4 3 0 4 4 0 4 
0 0 3 0 1 2 1 0 2 1 1 2 1 3 2 2 1 2 3 0 2 4 0 2 
0 0 3 0 1 2 1 0 2 1 1 2 1 3 2 2 1 2 3 0 2 4 0 2 

0 0 2 0 1 1 1 0 2 1 1 2 1 2 2 1 3 1 2 1 1 3 0 1 3 1 1 4 0 1 
0 0 1 0 1 1 1 0 1 1 1 1 1 2 1 1 4 1 2 0 1 2 1 1 3 0 1 3 1 1 4 0 1 
0 0 4 1 0 3 1 3 3 2 1 3 3 0 4 4 0 3 
0 0 2 0 1 2 1 0 2 1 1 2 1 2 2 1 3 2 2 1 2 3 0 3 4 0 2 
0 0 3 1 0 3 1 1 3 1 3 2 2 1 2 3 0 3 4 0 2 
0 0 4 1 0 4 1 3 4 2 1 3 3 0 3 4 0 4 
0 0 2 0 1 2 1 0 2 1 1 3 1 3 2 2 1 2 3 0 2 4 0 2 
0 0 2 0 1 2 1 0 2 1 1 3 1 3 2 2 1 2 3 0 2 4 0 2 
0 0 3 1 0 4 1 3 3 2 1 3 3 0 3 4 0 3 
0 0 3 1 0 3 1 3 3 2 1 3 3 0 3 4 0 4 
0 0 3 1 0 2 1 1 2 1 3 2 2 1 3 3 0 2 4 0 3 
0 0 4 1 0 3 1 3 3 2 1 3 3 0 3 4 0 4 




0 0 2 0 1 3 1 0 2 1 1 2 1 3 2 2 1 2 3 0 3 4 0 3 
0 0 3 0 1 2 1 0 3 1 1 2 1 3 2 2 1 2 3 0 2 4 0 2 


0 0 4 1 0 4 1 3 4 2 1 4 3 0 4 4 0 4 


0 0 4 1 0 4 1 3 3 2 1 3 3 0 3 4 0 4 
0 0 3 1 0 4 1 3 3 2 1 3 3 0 3 4 0 3 
0 0 1 0 1 1 1 0 1 1 1 1 1 2 1 2 0 1 2 1 1 3 0 1 3 1 1 4 0 1 


0 0 4 1 0 4 1 3 3 2 1 3 3 0 3 4 0 3 


0 0 1 0 1 1 1 0 1 1 1 2 1 2 1 1 3 1 2 0 1 2 1 1 3 0 1 3 1 1 4 0 1 


0 0 5 1 0 4 1 3 4 2 1 4 3 0 4 4 0 4 

0 0 3 1 0 4 1 3 3 2 1 3 3 0 3 4 0 4 

0 0 5 1 0 4 1 3 4 2 1 4 3 0 4 4 0 5 
0 0 3 1 0 2 1 1 3 1 3 2 2 1 3 3 0 3 4 0 3 

0 0 4 1 0 4 1 3 3 2 1 3 3 0 4 4 0 4 

0 0 2 0 1 2 1 0 2 1 1 2 1 3 2 2 1 2 3 0 2 4 0 2 
0 0 1 0 1 1 1 0 1 1 1 2 1 2 1 1 3 1 2 0 1 2 1 1 3 0 1 3 1 1 4 0 1 
0 0 3 0 1 2 1 0 2 1 1 2 1 3 2 2 1 2 3 0 3 4 0 3 
0 0 2 0 1 1 1 0 2 1 1 2 1 2 2 1 3 1 2 1 1 3 0 2 4 0 2 

0 0 3 0 1 2 1 0 2 1 1 2 1 3 2 2 1 2 3 0 2 4 0 2 
0 0 2 0 1 1 1 0 1 1 1 2 1 2 1 1 3 1 2 0 1 2 1 1 3 0 1 3 1 1 4 0 1 
0 0 3 1 0 4 1 3 3 2 1 4 3 0 5 4 0 3 
0 0 2 1 0 3 1 1 3 1 3 2 2 1 2 3 0 3 4 0 2 



0 0 4 1 0 3 1 3 3 2 1 3 3 0 3 4 0 4 
0 0 2 0 1 2 1 0 1 1 1 1 1 2 1 1 3 1 2 1 1 3 0 1 3 1 2 4 0 1 

0 0 3 1 0 4 1 3 3 2 1 3 3 0 3 4 0 3 
0 0 2 0 1 2 1 0 2 1 1 2 1 3 2 2 1 2 3 0 2 4 0 3 
0 0 2 0 1 2 1 0 3 1 1 2 1 3 2 2 1 2 3 0 2 4 0 2 
0 0 4 1 0 4 1 3 4 2 1 3 3 0 3 4 0 4 

0 0 3 1 0 3 1 1 2 1 3 2 2 1 2 3 0 2 4 0 2 


0 0 5 1 0 4 1 3 4 2 1 4 3 0 3 4 0 4 
0 0 2 0 1 2 1 0 2 1 1 3 1 3 2 2 1 2 3 0 2 4 0 2 
0 0 3 0 1 2 1 0 2 1 1 2 1 3 2 2 1 2 3 0 2 4 0 2 
0 0 2 0 1 2 1 0 2 1 1 2 1 2 2 1 3 1 2 1 1 3 0 2 4 0 2 
0 0 4 1 0 4 1 3 3 2 1 4 3 0 3 4 0 4 
0 0 2 0 1 1 1 0 1 1 1 1 1 2 1 1 3 1 2 0 1 2 1 1 3 0 1 3 1 1 4 0 1 



1 0 4 1 3 4 2 1 24 3 0 24 4 0 23 

0 0 5 1 0 4 1 3 4 2 1 4 3 0 4 4 0 4 

0 0 2 0 1 1 1 0 1 1 1 1 1 2 1 1 3 1 2 1 1 3 0 1 3 1 2 4 0 1 
0 0 2 0 1 2 1 0 1 1 1 2 1 2 1 1 3 1 2 1 1 3 0 2 3 1 2 4 0 2 
1 0 5 1 3 6 2 1 19 3 0 19 4 0 6 




0 0 4 1 0 3 1 3 3 2 1 3 3 0 4 4 0 4 
0 0 2 0 1 2 1 0 2 1 1 2 1 2 2 1 3 1 2 1 1 3 0 1 4 0 2 
0 0 3 1 0 3 1 1 2 1 3 2 2 1 2 3 0 3 4 0 2 


0 0 5 1 0 4 1 3 4 2 1 4 3 0 2 4 0 4 
0 0 1 0 1 1 1 0 1 1 1 1 1 2 1 1 3 1 1 4 1 2 0 1 2 1 1 3 0 2 3 1 1 4 0 1 
0 0 2 0 1 2 1 0 2 1 1 2 1 2 2 1 3 2 2 1 2 3 0 3 4 0 2 
0 0 5 1 0 4 1 3 4 2 1 4 3 0 4 4 0 4 



1 0 8 
0 0 2 0 1 2 1 0 1 1 1 2 1 2 2 1 3 1 2 1 1 3 0 2 4 0 1 
0 0 3 0 1 2 1 0 3 1 1 2 1 3 2 2 1 2 3 0 2 4 0 2 
0 0 3 0 1 2 1 0 2 1 1 3 1 3 2 2 1 2 3 0 2 4 0 2 
0 0 3 0 1 2 1 0 2 1 1 2 1 3 2 2 1 2 3 0 2 4 0 3 
1 0 11 
0 0 2 0 1 2 1 0 2 1 1 2 1 2 2 1 3 2 2 1 2 3 0 2 4 0 2 

0 0 4 1 0 4 1 3 4 2 1 4 3 0 4 4 0 4 
0 0 2 0 1 2 1 0 2 1 1 3 1 2 2 1 3 2 2 1 2 3 0 2 4 0 2 
